#
# A fatal error has been detected by the Java Runtime Environment:
#
#  SIGSEGV (0xb) at pc=0x000000000024e620, pid=12030, tid=139926209296128
#
# JRE version: 6.0_33-b03
# Java VM: Java HotSpot(TM) 64-Bit Server VM (20.8-b03 mixed mode linux-amd64 compressed oops)
# Problematic frame:
# C  0x000000000024e620
#
# If you would like to submit a bug report, please visit:
#   http://java.sun.com/webapps/bugreport/crash.jsp
#

---------------  T H R E A D  ---------------

Current thread is native thread

siginfo:si_signo=SIGSEGV: si_errno=0, si_code=1 (SEGV_MAPERR), si_addr=0x000000000024e620

Registers:
RAX=0x0000000000000000, RBX=0x00000000000003d4, RCX=0x0000000000000003, RDX=0x0000000000000000
RSP=0x00007f431bffee48, RBP=0x00007f4358275980, RSI=0xc0000000000007bd, RDI=0x00007f4358275980
R8 =0x0000000000000000, R9 =0x0000000000000004, R10=0x0000000000001000, R11=0x0000000000000246
R12=0x00007f435c0b5010, R13=0x00007f431bffee90, R14=0x00007f431bffee88, R15=0x00007f431bffee98
RIP=0x000000000024e620, EFLAGS=0x0000000000010206, CSGSFS=0x0000000000000033, ERR=0x0000000000000014
  TRAPNO=0x000000000000000e

Top of Stack: (sp=0x00007f431bffee48)
0x00007f431bffee48:   00007f4325d1c2d7 00007f431bffee88
0x00007f431bffee58:   00000000000003d4 00007f435820fb20
0x00007f431bffee68:   00007f4325d1e54c ffffffffffffffff
0x00007f431bffee78:   00007f4300000003 0000000000000000
0x00007f431bffee88:   0000000000000400 0000000000000000
0x00007f431bffee98:   00007f4358213b10 00000000007ffef0
0x00007f431bffeea8:   00007f4358275df0 0000000000000000
0x00007f431bffeeb8:   0000000000000000 00007f43582172a0
0x00007f431bffeec8:   0000000000000010 00007f431bfff700
0x00007f431bffeed8:   00007f4325d14d6a 0000000000000000
0x00007f431bffeee8:   00007f435f354e0f 0000000000000000
0x00007f431bffeef8:   00007f431bfff700 00007f431bfff700
0x00007f431bffef08:   d2cd4063af28e6ff 0000000000000000
0x00007f431bffef18:   00007f43582172a0 0000000000000010
0x00007f431bffef28:   00007f431bfff700 2c4b779c72c8e6ff
0x00007f431bffef38:   2c4bfe093486e6ff 0000000000000000
0x00007f431bffef48:   0000000000000000 0000000000000000
0x00007f431bffef58:   0000000000000000 0000000000000000
0x00007f431bffef68:   0000000000000000 0000000000000000
0x00007f431bffef78:   0000000000000000 0000000000000000
0x00007f431bffef88:   0000000000000000 0000000000000000
0x00007f431bffef98:   0000000000000000 0000000000000000
0x00007f431bffefa8:   0000000000000000 0000000000000000
0x00007f431bffefb8:   0000000000000000 0000000000000000
0x00007f431bffefc8:   0000000000000000 0000000000000000
0x00007f431bffefd8:   0000000000000000 0000000000000000
0x00007f431bffefe8:   0000000000000000 00007f431bfff700
0x00007f431bffeff8:   00007f435ee8904d 0000000000000000
0x00007f431bfff008:   0000000000000000 0000000000000000
0x00007f431bfff018:   0000000000000000 0000000000000000
0x00007f431bfff028:   0000000000000000 0000000000000000
0x00007f431bfff038:   0000000000000000 0000000000000000 

Instructions: (pc=0x000000000024e620)
0x000000000024e600:   
[error occurred during error reporting (printing registers, top of stack, instructions near pc), id 0xb]

Register to memory mapping:

RAX=0x0000000000000000 is an unknown value
RBX=0x00000000000003d4 is an unknown value
RCX=0x0000000000000003 is an unknown value
RDX=0x0000000000000000 is an unknown value
RSP=0x00007f431bffee48 is an unknown value
RBP=0x00007f4358275980 is an unknown value
RSI=0xc0000000000007bd is an unknown value
RDI=0x00007f4358275980 is an unknown value
R8 =0x0000000000000000 is an unknown value
R9 =0x0000000000000004 is an unknown value
R10=0x0000000000001000 is an unknown value
R11=0x0000000000000246 is an unknown value
R12=0x00007f435c0b5010 is an unknown value
R13=0x00007f431bffee90 is an unknown value
R14=0x00007f431bffee88 is an unknown value
R15=0x00007f431bffee98 is an unknown value


Stack: [0x00007f431b7ff000,0x00007f431c000000],  sp=0x00007f431bffee48,  free space=8191k
Native frames: (J=compiled Java code, j=interpreted, Vv=VM code, C=native code)
C  0x000000000024e620


---------------  P R O C E S S  ---------------

VM state:not at safepoint (normal execution)

VM Mutex/Monitor currently owned by a thread: None

Heap
 PSYoungGen      total 18112K, used 8885K [0x00000000ebcb0000, 0x00000000ed0e0000, 0x0000000100000000)
  eden space 15552K, 57% used [0x00000000ebcb0000,0x00000000ec55d7f0,0x00000000ecbe0000)
  from space 2560K, 0% used [0x00000000ece60000,0x00000000ece60000,0x00000000ed0e0000)
  to   space 2560K, 0% used [0x00000000ecbe0000,0x00000000ecbe0000,0x00000000ece60000)
 PSOldGen        total 41344K, used 0K [0x00000000c3600000, 0x00000000c5e60000, 0x00000000ebcb0000)
  object space 41344K, 0% used [0x00000000c3600000,0x00000000c3600000,0x00000000c5e60000)
 PSPermGen       total 21248K, used 9176K [0x00000000be400000, 0x00000000bf8c0000, 0x00000000c3600000)
  object space 21248K, 43% used [0x00000000be400000,0x00000000becf60e0,0x00000000bf8c0000)

Code Cache  [0x00007f4355000000, 0x00007f4355270000, 0x00007f4358000000)
 total_blobs=660 nmethods=217 adapters=397 free_code_cache=49357696 largest_free_block=6784

Dynamic libraries:
40000000-40009000 r-xp 00000000 08:05 277505                             /opt/java6/jre/bin/java
40108000-4010a000 rwxp 00008000 08:05 277505                             /opt/java6/jre/bin/java
411f0000-41211000 rwxp 00000000 00:00 0                                  [heap]
be400000-bf8c0000 rwxp 00000000 00:00 0 
bf8c0000-c3600000 rwxp 00000000 00:00 0 
c3600000-c5e60000 rwxp 00000000 00:00 0 
c5e60000-ebcb0000 rwxp 00000000 00:00 0 
ebcb0000-ed0e0000 rwxp 00000000 00:00 0 
ed0e0000-100000000 rwxp 00000000 00:00 0 
7f4308000000-7f4308021000 rwxp 00000000 00:00 0 
7f4308021000-7f430c000000 ---p 00000000 00:00 0 
7f4310000000-7f4310a01000 rwxp 00000000 00:00 0 
7f4310a01000-7f4314000000 ---p 00000000 00:00 0 
7f4314000000-7f4314021000 rwxp 00000000 00:00 0 
7f4314021000-7f4318000000 ---p 00000000 00:00 0 
7f4318c71000-7f43197a9000 rwxp 00000000 00:00 0 
7f43197a9000-7f43197b1000 r-xp 00000000 08:05 801231                     /usr/lib/libpciaccess.so.0.11.1
7f43197b1000-7f43199b0000 ---p 00008000 08:05 801231                     /usr/lib/libpciaccess.so.0.11.1
7f43199b0000-7f43199b1000 r-xp 00007000 08:05 801231                     /usr/lib/libpciaccess.so.0.11.1
7f43199b1000-7f43199b2000 rwxp 00008000 08:05 801231                     /usr/lib/libpciaccess.so.0.11.1
7f43199b2000-7f43199d0000 r-xp 00000000 08:05 805219                     /usr/lib/libdrm_intel.so.1.0.0
7f43199d0000-7f4319bcf000 ---p 0001e000 08:05 805219                     /usr/lib/libdrm_intel.so.1.0.0
7f4319bcf000-7f4319bd0000 r-xp 0001d000 08:05 805219                     /usr/lib/libdrm_intel.so.1.0.0
7f4319bd0000-7f4319bd1000 rwxp 0001e000 08:05 805219                     /usr/lib/libdrm_intel.so.1.0.0
7f4319bd1000-7f4319bf9000 r-xp 00000000 08:05 793984                     /usr/lib/libexpat.so.1.6.0
7f4319bf9000-7f4319df8000 ---p 00028000 08:05 793984                     /usr/lib/libexpat.so.1.6.0
7f4319df8000-7f4319dfa000 r-xp 00027000 08:05 793984                     /usr/lib/libexpat.so.1.6.0
7f4319dfa000-7f4319dfb000 rwxp 00029000 08:05 793984                     /usr/lib/libexpat.so.1.6.0
7f4319dfb000-7f4319f1e000 r-xp 00000000 08:05 801174                     /usr/lib/libglsl.so
7f4319f1e000-7f431a11d000 ---p 00123000 08:05 801174                     /usr/lib/libglsl.so
7f431a11d000-7f431a126000 r-xp 00122000 08:05 801174                     /usr/lib/libglsl.so
7f431a126000-7f431a129000 rwxp 0012b000 08:05 801174                     /usr/lib/libglsl.so
7f431a129000-7f431a12a000 rwxp 00000000 00:00 0 
7f431a12a000-7f431a369000 r-xp 00000000 08:05 801173                     /usr/lib/libdricore.so
7f431a369000-7f431a569000 ---p 0023f000 08:05 801173                     /usr/lib/libdricore.so
7f431a569000-7f431a573000 r-xp 0023f000 08:05 801173                     /usr/lib/libdricore.so
7f431a573000-7f431a576000 rwxp 00249000 08:05 801173                     /usr/lib/libdricore.so
7f431a576000-7f431a58c000 rwxp 00000000 00:00 0 
7f431a58c000-7f431a65c000 r-xp 00000000 08:05 801177                     /usr/lib/xorg/modules/dri/i965_dri.so
7f431a65c000-7f431a85b000 ---p 000d0000 08:05 801177                     /usr/lib/xorg/modules/dri/i965_dri.so
7f431a85b000-7f431a85e000 r-xp 000cf000 08:05 801177                     /usr/lib/xorg/modules/dri/i965_dri.so
7f431a85e000-7f431a862000 rwxp 000d2000 08:05 801177                     /usr/lib/xorg/modules/dri/i965_dri.so
7f431a862000-7f431a86d000 r-xp 00000000 08:05 805213                     /usr/lib/libdrm.so.2.4.0
7f431a86d000-7f431aa6c000 ---p 0000b000 08:05 805213                     /usr/lib/libdrm.so.2.4.0
7f431aa6c000-7f431aa6d000 r-xp 0000a000 08:05 805213                     /usr/lib/libdrm.so.2.4.0
7f431aa6d000-7f431aa6e000 rwxp 0000b000 08:05 805213                     /usr/lib/libdrm.so.2.4.0
7f431aa6e000-7f431aa83000 r-xp 00000000 08:05 801322                     /usr/lib/libxcb-glx.so.0.0.0
7f431aa83000-7f431ac82000 ---p 00015000 08:05 801322                     /usr/lib/libxcb-glx.so.0.0.0
7f431ac82000-7f431ac84000 rwxp 00014000 08:05 801322                     /usr/lib/libxcb-glx.so.0.0.0
7f431ac84000-7f431ac85000 r-xp 00000000 08:05 802266                     /usr/lib/libX11-xcb.so.1.0.0
7f431ac85000-7f431ae84000 ---p 00001000 08:05 802266                     /usr/lib/libX11-xcb.so.1.0.0
7f431ae84000-7f431ae85000 r-xp 00000000 08:05 802266                     /usr/lib/libX11-xcb.so.1.0.0
7f431ae85000-7f431ae86000 rwxp 00001000 08:05 802266                     /usr/lib/libX11-xcb.so.1.0.0
7f431ae86000-7f431ae88000 r-xp 00000000 08:05 803889                     /usr/lib/libXdamage.so.1.1.0
7f431ae88000-7f431b087000 ---p 00002000 08:05 803889                     /usr/lib/libXdamage.so.1.1.0
7f431b087000-7f431b088000 r-xp 00001000 08:05 803889                     /usr/lib/libXdamage.so.1.1.0
7f431b088000-7f431b089000 rwxp 00002000 08:05 803889                     /usr/lib/libXdamage.so.1.1.0
7f431b089000-7f431b0aa000 r-xp 00000000 08:05 801169                     /usr/lib/libglapi.so.0.0.0
7f431b0aa000-7f431b2a9000 ---p 00021000 08:05 801169                     /usr/lib/libglapi.so.0.0.0
7f431b2a9000-7f431b2ac000 r-xp 00020000 08:05 801169                     /usr/lib/libglapi.so.0.0.0
7f431b2ac000-7f431b2ad000 rwxp 00023000 08:05 801169                     /usr/lib/libglapi.so.0.0.0
7f431b2ad000-7f431b2ae000 rwxp 00000000 00:00 0 
7f431b2ae000-7f431b308000 r-xp 00000000 08:05 801172                     /usr/lib/libGL.so.1.2
7f431b308000-7f431b508000 ---p 0005a000 08:05 801172                     /usr/lib/libGL.so.1.2
7f431b508000-7f431b50a000 r-xp 0005a000 08:05 801172                     /usr/lib/libGL.so.1.2
7f431b50a000-7f431b50b000 rwxp 0005c000 08:05 801172                     /usr/lib/libGL.so.1.2
7f431b50b000-7f431b50c000 rwxp 00000000 00:00 0 
7f431b50c000-7f431b5f7000 r-xp 00000000 08:05 805612                     /usr/lib/libasound.so.2.0.0
7f431b5f7000-7f431b7f7000 ---p 000eb000 08:05 805612                     /usr/lib/libasound.so.2.0.0
7f431b7f7000-7f431b7fd000 r-xp 000eb000 08:05 805612                     /usr/lib/libasound.so.2.0.0
7f431b7fd000-7f431b7ff000 rwxp 000f1000 08:05 805612                     /usr/lib/libasound.so.2.0.0
7f431b7ff000-7f431b800000 ---p 00000000 00:00 0 
7f431b800000-7f431c000000 rwxp 00000000 00:00 0                          [stack:12057]
7f431c000000-7f431c021000 rwxp 00000000 00:00 0 
7f431c021000-7f4320000000 ---p 00000000 00:00 0 
7f4320000000-7f4320021000 rwxp 00000000 00:00 0 
7f4320021000-7f4324000000 ---p 00000000 00:00 0 
7f4324024000-7f4324027000 ---p 00000000 00:00 0 
7f4324027000-7f4324125000 rwxp 00000000 00:00 0 
7f4324125000-7f4324128000 ---p 00000000 00:00 0 
7f4324128000-7f4324226000 rwxp 00000000 00:00 0                          [stack:12058]
7f4324226000-7f4324239000 r-xp 00000000 08:05 919827                     /lib/libresolv-2.16.so
7f4324239000-7f4324439000 ---p 00013000 08:05 919827                     /lib/libresolv-2.16.so
7f4324439000-7f432443a000 r-xp 00013000 08:05 919827                     /lib/libresolv-2.16.so
7f432443a000-7f432443b000 rwxp 00014000 08:05 919827                     /lib/libresolv-2.16.so
7f432443b000-7f432443d000 rwxp 00000000 00:00 0 
7f432443d000-7f4324443000 r-xp 00000000 08:05 806037                     /usr/lib/libogg.so.0.8.0
7f4324443000-7f4324642000 ---p 00006000 08:05 806037                     /usr/lib/libogg.so.0.8.0
7f4324642000-7f4324643000 rwxp 00005000 08:05 806037                     /usr/lib/libogg.so.0.8.0
7f4324643000-7f432466f000 r-xp 00000000 08:05 806163                     /usr/lib/libvorbis.so.0.4.6
7f432466f000-7f432486e000 ---p 0002c000 08:05 806163                     /usr/lib/libvorbis.so.0.4.6
7f432486e000-7f432486f000 r-xp 0002b000 08:05 806163                     /usr/lib/libvorbis.so.0.4.6
7f432486f000-7f4324870000 rwxp 0002c000 08:05 806163                     /usr/lib/libvorbis.so.0.4.6
7f4324870000-7f4324b23000 r-xp 00000000 08:05 806166                     /usr/lib/libvorbisenc.so.2.0.9
7f4324b23000-7f4324d22000 ---p 002b3000 08:05 806166                     /usr/lib/libvorbisenc.so.2.0.9
7f4324d22000-7f4324d3e000 r-xp 002b2000 08:05 806166                     /usr/lib/libvorbisenc.so.2.0.9
7f4324d3e000-7f4324d3f000 rwxp 002ce000 08:05 806166                     /usr/lib/libvorbisenc.so.2.0.9
7f4324d3f000-7f4324d89000 r-xp 00000000 08:05 806129                     /usr/lib/libFLAC.so.8.2.0
7f4324d89000-7f4324f88000 ---p 0004a000 08:05 806129                     /usr/lib/libFLAC.so.8.2.0
7f4324f88000-7f4324f8a000 rwxp 00049000 08:05 806129                     /usr/lib/libFLAC.so.8.2.0
7f4324f8a000-7f4324f8f000 r-xp 00000000 08:05 813851                     /usr/lib/libasyncns.so.0.3.1
7f4324f8f000-7f432518e000 ---p 00005000 08:05 813851                     /usr/lib/libasyncns.so.0.3.1
7f432518e000-7f432518f000 r-xp 00004000 08:05 813851                     /usr/lib/libasyncns.so.0.3.1
7f432518f000-7f4325190000 rwxp 00005000 08:05 813851                     /usr/lib/libasyncns.so.0.3.1
7f4325190000-7f43251ef000 r-xp 00000000 08:05 806322                     /usr/lib/libsndfile.so.1.0.25
7f43251ef000-7f43253ef000 ---p 0005f000 08:05 806322                     /usr/lib/libsndfile.so.1.0.25
7f43253ef000-7f43253f1000 r-xp 0005f000 08:05 806322                     /usr/lib/libsndfile.so.1.0.25
7f43253f1000-7f43253f2000 rwxp 00061000 08:05 806322                     /usr/lib/libsndfile.so.1.0.25
7f43253f2000-7f43253f6000 rwxp 00000000 00:00 0 
7f43253f6000-7f432543a000 r-xp 00000000 08:05 787985                     /usr/lib/libdbus-1.so.3.7.2
7f432543a000-7f4325639000 ---p 00044000 08:05 787985                     /usr/lib/libdbus-1.so.3.7.2
7f4325639000-7f432563a000 r-xp 00043000 08:05 787985                     /usr/lib/libdbus-1.so.3.7.2
7f432563a000-7f432563b000 rwxp 00044000 08:05 787985                     /usr/lib/libdbus-1.so.3.7.2
7f432563b000-7f432569a000 r-xp 00000000 08:05 923982                     /usr/lib/pulseaudio/libpulsecommon-2.0.so
7f432569a000-7f432589a000 ---p 0005f000 08:05 923982                     /usr/lib/pulseaudio/libpulsecommon-2.0.so
7f432589a000-7f432589b000 r-xp 0005f000 08:05 923982                     /usr/lib/pulseaudio/libpulsecommon-2.0.so
7f432589b000-7f432589d000 rwxp 00060000 08:05 923982                     /usr/lib/pulseaudio/libpulsecommon-2.0.so
7f432589d000-7f43258a4000 r-xp 00000000 08:05 813856                     /usr/lib/libjson.so.0.0.1
7f43258a4000-7f4325aa3000 ---p 00007000 08:05 813856                     /usr/lib/libjson.so.0.0.1
7f4325aa3000-7f4325aa4000 r-xp 00006000 08:05 813856                     /usr/lib/libjson.so.0.0.1
7f4325aa4000-7f4325aa5000 rwxp 00007000 08:05 813856                     /usr/lib/libjson.so.0.0.1
7f4325aa5000-7f4325aed000 r-xp 00000000 08:05 813866                     /usr/lib/libpulse.so.0.14.2
7f4325aed000-7f4325ced000 ---p 00048000 08:05 813866                     /usr/lib/libpulse.so.0.14.2
7f4325ced000-7f4325cee000 r-xp 00048000 08:05 813866                     /usr/lib/libpulse.so.0.14.2
7f4325cee000-7f4325cef000 rwxp 00049000 08:05 813866                     /usr/lib/libpulse.so.0.14.2
7f4325cef000-7f4325d3b000 r-xp 00000000 00:12 38860                      /tmp/libgdxbertrand/553733341/libopenal64.so
7f4325d3b000-7f4325f3b000 ---p 0004c000 00:12 38860                      /tmp/libgdxbertrand/553733341/libopenal64.so
7f4325f3b000-7f4325f3d000 r-xp 0004c000 00:12 38860                      /tmp/libgdxbertrand/553733341/libopenal64.so
7f4325f3d000-7f4325f3e000 rwxp 0004e000 00:12 38860                      /tmp/libgdxbertrand/553733341/libopenal64.so
7f4325f3e000-7f4325f3f000 rwxp 00000000 00:00 0 
7f4325f3f000-7f4325f44000 r-xp 00000000 08:05 803806                     /usr/lib/libXxf86vm.so.1.0.0
7f4325f44000-7f4326143000 ---p 00005000 08:05 803806                     /usr/lib/libXxf86vm.so.1.0.0
7f4326143000-7f4326144000 r-xp 00004000 08:05 803806                     /usr/lib/libXxf86vm.so.1.0.0
7f4326144000-7f4326145000 rwxp 00005000 08:05 803806                     /usr/lib/libXxf86vm.so.1.0.0
7f4326145000-7f432614d000 r-xp 00000000 08:05 803641                     /usr/lib/libXrandr.so.2.2.0
7f432614d000-7f432634c000 ---p 00008000 08:05 803641                     /usr/lib/libXrandr.so.2.2.0
7f432634c000-7f432634d000 r-xp 00007000 08:05 803641                     /usr/lib/libXrandr.so.2.2.0
7f432634d000-7f432634e000 rwxp 00008000 08:05 803641                     /usr/lib/libXrandr.so.2.2.0
7f432634e000-7f43263b5000 r-xp 00000000 00:12 40655                      /tmp/libgdxbertrand/553733341/liblwjgl64.so
7f43263b5000-7f43265b5000 ---p 00067000 00:12 40655                      /tmp/libgdxbertrand/553733341/liblwjgl64.so
7f43265b5000-7f43265b7000 r-xp 00067000 00:12 40655                      /tmp/libgdxbertrand/553733341/liblwjgl64.so
7f43265b7000-7f43265b8000 rwxp 00069000 00:12 40655                      /tmp/libgdxbertrand/553733341/liblwjgl64.so
7f43265b8000-7f43265b9000 r-xp 00000000 08:05 269027                     /opt/java6/jre/lib/amd64/libjawt.so
7f43265b9000-7f43266b8000 ---p 00001000 08:05 269027                     /opt/java6/jre/lib/amd64/libjawt.so
7f43266b8000-7f43266b9000 rwxp 00000000 08:05 269027                     /opt/java6/jre/lib/amd64/libjawt.so
7f43266b9000-7f43266bc000 ---p 00000000 00:00 0 
7f43266bc000-7f43267ba000 rwxp 00000000 00:00 0                          [stack:12054]
7f43267ba000-7f43267bf000 r-xp 00000000 08:05 803651                     /usr/lib/libXfixes.so.3.1.0
7f43267bf000-7f43269bf000 ---p 00005000 08:05 803651                     /usr/lib/libXfixes.so.3.1.0
7f43269bf000-7f43269c0000 r-xp 00005000 08:05 803651                     /usr/lib/libXfixes.so.3.1.0
7f43269c0000-7f43269c1000 rwxp 00006000 08:05 803651                     /usr/lib/libXfixes.so.3.1.0
7f43269c1000-7f43269cb000 r-xp 00000000 08:05 802577                     /usr/lib/libXrender.so.1.3.0
7f43269cb000-7f4326bca000 ---p 0000a000 08:05 802577                     /usr/lib/libXrender.so.1.3.0
7f4326bca000-7f4326bcb000 r-xp 00009000 08:05 802577                     /usr/lib/libXrender.so.1.3.0
7f4326bcb000-7f4326bcc000 rwxp 0000a000 08:05 802577                     /usr/lib/libXrender.so.1.3.0
7f4326bcc000-7f4326bd5000 r-xp 00000000 08:05 803687                     /usr/lib/libXcursor.so.1.0.2
7f4326bd5000-7f4326dd4000 ---p 00009000 08:05 803687                     /usr/lib/libXcursor.so.1.0.2
7f4326dd4000-7f4326dd5000 r-xp 00008000 08:05 803687                     /usr/lib/libXcursor.so.1.0.2
7f4326dd5000-7f4326dd6000 rwxp 00009000 08:05 803687                     /usr/lib/libXcursor.so.1.0.2
7f4326dd6000-7f4326dd9000 ---p 00000000 00:00 0 
7f4326dd9000-7f4326ed7000 rwxp 00000000 00:00 0                          [stack:12053]
7f4326ed7000-7f4326f50000 r-xp 00000000 08:05 269039                     /opt/java6/jre/lib/amd64/libfontmanager.so
7f4326f50000-7f432704f000 ---p 00079000 08:05 269039                     /opt/java6/jre/lib/amd64/libfontmanager.so
7f432704f000-7f4327064000 rwxp 00078000 08:05 269039                     /opt/java6/jre/lib/amd64/libfontmanager.so
7f4327064000-7f4327076000 rwxp 00000000 00:00 0 
7f4327076000-7f432707b000 r-xp 00000000 08:05 801133                     /usr/lib/libXdmcp.so.6.0.0
7f432707b000-7f432727a000 ---p 00005000 08:05 801133                     /usr/lib/libXdmcp.so.6.0.0
7f432727a000-7f432727b000 r-xp 00004000 08:05 801133                     /usr/lib/libXdmcp.so.6.0.0
7f432727b000-7f432727c000 rwxp 00005000 08:05 801133                     /usr/lib/libXdmcp.so.6.0.0
7f432727c000-7f432727e000 r-xp 00000000 08:05 801311                     /usr/lib/libXau.so.6.0.0
7f432727e000-7f432747e000 ---p 00002000 08:05 801311                     /usr/lib/libXau.so.6.0.0
7f432747e000-7f432747f000 r-xp 00002000 08:05 801311                     /usr/lib/libXau.so.6.0.0
7f432747f000-7f4327480000 rwxp 00003000 08:05 801311                     /usr/lib/libXau.so.6.0.0
7f4327480000-7f432749d000 r-xp 00000000 08:05 801362                     /usr/lib/libxcb.so.1.1.0
7f432749d000-7f432769d000 ---p 0001d000 08:05 801362                     /usr/lib/libxcb.so.1.1.0
7f432769d000-7f432769e000 rwxp 0001d000 08:05 801362                     /usr/lib/libxcb.so.1.1.0
7f432769e000-7f43276ac000 r-xp 00000000 08:05 803762                     /usr/lib/libXi.so.6.1.0
7f43276ac000-7f43278ab000 ---p 0000e000 08:05 803762                     /usr/lib/libXi.so.6.1.0
7f43278ab000-7f43278ac000 r-xp 0000d000 08:05 803762                     /usr/lib/libXi.so.6.1.0
7f43278ac000-7f43278ad000 rwxp 0000e000 08:05 803762                     /usr/lib/libXi.so.6.1.0
7f43278ad000-7f43278b2000 r-xp 00000000 08:05 803780                     /usr/lib/libXtst.so.6.1.0
7f43278b2000-7f4327ab2000 ---p 00005000 08:05 803780                     /usr/lib/libXtst.so.6.1.0
7f4327ab2000-7f4327ab3000 r-xp 00005000 08:05 803780                     /usr/lib/libXtst.so.6.1.0
7f4327ab3000-7f4327ab4000 rwxp 00006000 08:05 803780                     /usr/lib/libXtst.so.6.1.0
7f4327ab4000-7f4327be7000 r-xp 00000000 08:05 802265                     /usr/lib/libX11.so.6.3.0
7f4327be7000-7f4327de7000 ---p 00133000 08:05 802265                     /usr/lib/libX11.so.6.3.0
7f4327de7000-7f4327de8000 r-xp 00133000 08:05 802265                     /usr/lib/libX11.so.6.3.0
7f4327de8000-7f4327ded000 rwxp 00134000 08:05 802265                     /usr/lib/libX11.so.6.3.0
7f4327ded000-7f4327dff000 r-xp 00000000 08:05 803080                     /usr/lib/libXext.so.6.4.0
7f4327dff000-7f4327ffe000 ---p 00012000 08:05 803080                     /usr/lib/libXext.so.6.4.0
7f4327ffe000-7f4327fff000 r-xp 00011000 08:05 803080                     /usr/lib/libXext.so.6.4.0
7f4327fff000-7f4328000000 rwxp 00012000 08:05 803080                     /usr/lib/libXext.so.6.4.0
7f4328000000-7f43284eb000 rwxp 00000000 00:00 0 
7f43284eb000-7f432c000000 ---p 00000000 00:00 0 
7f432c000000-7f432c021000 rwxp 00000000 00:00 0 
7f432c021000-7f4330000000 ---p 00000000 00:00 0 
7f4330000000-7f433055c000 rwxp 00000000 00:00 0 
7f433055c000-7f4334000000 ---p 00000000 00:00 0 
7f4334000000-7f4334021000 rwxp 00000000 00:00 0 
7f4334021000-7f4338000000 ---p 00000000 00:00 0 
7f4338000000-7f4338021000 rwxp 00000000 00:00 0 
7f4338021000-7f433c000000 ---p 00000000 00:00 0 
7f433c000000-7f433c021000 rwxp 00000000 00:00 0 
7f433c021000-7f4340000000 ---p 00000000 00:00 0 
7f4340000000-7f4340021000 rwxp 00000000 00:00 0 
7f4340021000-7f4344000000 ---p 00000000 00:00 0 
7f4344000000-7f4344021000 rwxp 00000000 00:00 0 
7f4344021000-7f4348000000 ---p 00000000 00:00 0 
7f4348000000-7f4348021000 rwxp 00000000 00:00 0 
7f4348021000-7f434c000000 ---p 00000000 00:00 0 
7f434c000000-7f434c021000 rwxp 00000000 00:00 0 
7f434c021000-7f4350000000 ---p 00000000 00:00 0 
7f4350000000-7f4350021000 rwxp 00000000 00:00 0 
7f4350021000-7f4354000000 ---p 00000000 00:00 0 
7f435404b000-7f435408d000 r-xp 00000000 08:05 393093                     /opt/java6/jre/lib/amd64/xawt/libmawt.so
7f435408d000-7f435418c000 ---p 00042000 08:05 393093                     /opt/java6/jre/lib/amd64/xawt/libmawt.so
7f435418c000-7f4354198000 rwxp 00041000 08:05 393093                     /opt/java6/jre/lib/amd64/xawt/libmawt.so
7f4354198000-7f4354199000 rwxp 00000000 00:00 0 
7f4354199000-7f435422b000 r-xp 00000000 08:05 269013                     /opt/java6/jre/lib/amd64/libawt.so
7f435422b000-7f435432a000 ---p 00092000 08:05 269013                     /opt/java6/jre/lib/amd64/libawt.so
7f435432a000-7f4354344000 rwxp 00091000 08:05 269013                     /opt/java6/jre/lib/amd64/libawt.so
7f4354344000-7f4354368000 rwxp 00000000 00:00 0 
7f4354368000-7f435437d000 r-xp 00000000 08:05 784395                     /usr/lib/libgcc_s.so.1
7f435437d000-7f435457c000 ---p 00015000 08:05 784395                     /usr/lib/libgcc_s.so.1
7f435457c000-7f435457d000 rwxp 00014000 08:05 784395                     /usr/lib/libgcc_s.so.1
7f435457d000-7f4354662000 r-xp 00000000 08:05 784400                     /usr/lib/libstdc++.so.6.0.17
7f4354662000-7f4354862000 ---p 000e5000 08:05 784400                     /usr/lib/libstdc++.so.6.0.17
7f4354862000-7f435486a000 r-xp 000e5000 08:05 784400                     /usr/lib/libstdc++.so.6.0.17
7f435486a000-7f435486c000 rwxp 000ed000 08:05 784400                     /usr/lib/libstdc++.so.6.0.17
7f435486c000-7f4354881000 rwxp 00000000 00:00 0 
7f4354881000-7f43548f8000 r-xp 00000000 00:12 40654                      /tmp/libgdxbertrand/553733341/libgdx64.so
7f43548f8000-7f4354af7000 ---p 00077000 00:12 40654                      /tmp/libgdxbertrand/553733341/libgdx64.so
7f4354af7000-7f4354af9000 r-xp 00076000 00:12 40654                      /tmp/libgdxbertrand/553733341/libgdx64.so
7f4354af9000-7f4354afa000 rwxp 00078000 00:12 40654                      /tmp/libgdxbertrand/553733341/libgdx64.so
7f4354afa000-7f4354afb000 rwxp 00000000 00:00 0 
7f4354afb000-7f4354afc000 ---p 00000000 00:00 0 
7f4354afc000-7f4354bfc000 rwxp 00000000 00:00 0                          [stack:12052]
7f4354bfc000-7f4354bff000 ---p 00000000 00:00 0 
7f4354bff000-7f4354cfd000 rwxp 00000000 00:00 0                          [stack:12051]
7f4354cfd000-7f4354d00000 ---p 00000000 00:00 0 
7f4354d00000-7f4354dfe000 rwxp 00000000 00:00 0                          [stack:12050]
7f4354dfe000-7f4354e01000 ---p 00000000 00:00 0 
7f4354e01000-7f4354eff000 rwxp 00000000 00:00 0                          [stack:12049]
7f4354eff000-7f4354f00000 ---p 00000000 00:00 0 
7f4354f00000-7f4355270000 rwxp 00000000 00:00 0                          [stack:12040]
7f4355270000-7f43582c4000 rwxp 00000000 00:00 0 
7f43582c4000-7f435c000000 ---p 00000000 00:00 0 
7f435c000000-7f435c074000 rwxp 00000000 00:00 0 
7f435c074000-7f435c075000 rwxp 00000000 00:00 0 
7f435c075000-7f435c095000 rwxs 00000000 00:04 22020108                   /SYSV0056a4d6 (deleted)
7f435c095000-7f435c0b5000 rwxs 00000000 00:05 6444                       /dev/snd/pcmC0D0p
7f435c0b5000-7f435c0de000 rwxp 00000000 00:00 0 
7f435c0de000-7f435c0e1000 ---p 00000000 00:00 0 
7f435c0e1000-7f435c1df000 rwxp 00000000 00:00 0                          [stack:12048]
7f435c1df000-7f435c3a6000 r-xp 00000000 08:05 782158                     /usr/lib/locale/locale-archive
7f435c3a6000-7f435c3a9000 ---p 00000000 00:00 0 
7f435c3a9000-7f435c4a7000 rwxp 00000000 00:00 0                          [stack:12047]
7f435c4a7000-7f435c4aa000 ---p 00000000 00:00 0 
7f435c4aa000-7f435c5a8000 rwxp 00000000 00:00 0                          [stack:12046]
7f435c5a8000-7f435c5a9000 ---p 00000000 00:00 0 
7f435c5a9000-7f435cbe2000 rwxp 00000000 00:00 0                          [stack:12045]
7f435cbe2000-7f435cd79000 r-xs 0307a000 08:05 268962                     /opt/java6/jre/lib/rt.jar
7f435cd79000-7f435cda1000 rwxp 00000000 00:00 0 
7f435cda1000-7f435cda2000 ---p 00000000 00:00 0 
7f435cda2000-7f435cea2000 rwxp 00000000 00:00 0                          [stack:12042]
7f435cea2000-7f435cea3000 ---p 00000000 00:00 0 
7f435cea3000-7f435cfa3000 rwxp 00000000 00:00 0                          [stack:12041]
7f435cfa3000-7f435cfa4000 ---p 00000000 00:00 0 
7f435cfa4000-7f435d0af000 rwxp 00000000 00:00 0                          [stack:12039]
7f435d0af000-7f435d0cd000 rwxp 00000000 00:00 0 
7f435d0cd000-7f435d0e2000 rwxp 00000000 00:00 0 
7f435d0e2000-7f435d211000 rwxp 00000000 00:00 0 
7f435d211000-7f435d21c000 rwxp 00000000 00:00 0 
7f435d21c000-7f435d23a000 rwxp 00000000 00:00 0 
7f435d23a000-7f435d24f000 rwxp 00000000 00:00 0 
7f435d24f000-7f435d37d000 rwxp 00000000 00:00 0 
7f435d37d000-7f435d388000 rwxp 00000000 00:00 0 
7f435d388000-7f435d41f000 rwxp 00000000 00:00 0 
7f435d41f000-7f435d420000 rwxp 00000000 00:00 0 
7f435d420000-7f435d42e000 r-xp 00000000 08:05 269037                     /opt/java6/jre/lib/amd64/libzip.so
7f435d42e000-7f435d530000 ---p 0000e000 08:05 269037                     /opt/java6/jre/lib/amd64/libzip.so
7f435d530000-7f435d533000 rwxp 00010000 08:05 269037                     /opt/java6/jre/lib/amd64/libzip.so
7f435d533000-7f435d534000 rwxp 00000000 00:00 0 
7f435d534000-7f435d540000 r-xp 00000000 08:05 918531                     /lib/libnss_files-2.16.so
7f435d540000-7f435d73f000 ---p 0000c000 08:05 918531                     /lib/libnss_files-2.16.so
7f435d73f000-7f435d740000 r-xp 0000b000 08:05 918531                     /lib/libnss_files-2.16.so
7f435d740000-7f435d741000 rwxp 0000c000 08:05 918531                     /lib/libnss_files-2.16.so
7f435d741000-7f435d756000 r-xp 00000000 08:05 927279                     /lib/libnsl-2.16.so
7f435d756000-7f435d955000 ---p 00015000 08:05 927279                     /lib/libnsl-2.16.so
7f435d955000-7f435d956000 r-xp 00014000 08:05 927279                     /lib/libnsl-2.16.so
7f435d956000-7f435d957000 rwxp 00015000 08:05 927279                     /lib/libnsl-2.16.so
7f435d957000-7f435d959000 rwxp 00000000 00:00 0 
7f435d959000-7f435d982000 r-xp 00000000 08:05 269028                     /opt/java6/jre/lib/amd64/libjava.so
7f435d982000-7f435da81000 ---p 00029000 08:05 269028                     /opt/java6/jre/lib/amd64/libjava.so
7f435da81000-7f435da88000 rwxp 00028000 08:05 269028                     /opt/java6/jre/lib/amd64/libjava.so
7f435da88000-7f435da95000 r-xp 00000000 08:05 269042                     /opt/java6/jre/lib/amd64/libverify.so
7f435da95000-7f435db94000 ---p 0000d000 08:05 269042                     /opt/java6/jre/lib/amd64/libverify.so
7f435db94000-7f435db97000 rwxp 0000c000 08:05 269042                     /opt/java6/jre/lib/amd64/libverify.so
7f435db97000-7f435db9e000 r-xp 00000000 08:05 918530                     /lib/librt-2.16.so
7f435db9e000-7f435dd9d000 ---p 00007000 08:05 918530                     /lib/librt-2.16.so
7f435dd9d000-7f435dd9e000 r-xp 00006000 08:05 918530                     /lib/librt-2.16.so
7f435dd9e000-7f435dd9f000 rwxp 00007000 08:05 918530                     /lib/librt-2.16.so
7f435dd9f000-7f435dda2000 ---p 00000000 00:00 0 
7f435dda2000-7f435dea0000 rwxp 00000000 00:00 0                          [stack:12038]
7f435dea0000-7f435df99000 r-xp 00000000 08:05 912169                     /lib/libm-2.16.so
7f435df99000-7f435e198000 ---p 000f9000 08:05 912169                     /lib/libm-2.16.so
7f435e198000-7f435e199000 r-xp 000f8000 08:05 912169                     /lib/libm-2.16.so
7f435e199000-7f435e19a000 rwxp 000f9000 08:05 912169                     /lib/libm-2.16.so
7f435e19a000-7f435eab5000 r-xp 00000000 08:05 393088                     /opt/java6/jre/lib/amd64/server/libjvm.so
7f435eab5000-7f435ebb6000 ---p 0091b000 08:05 393088                     /opt/java6/jre/lib/amd64/server/libjvm.so
7f435ebb6000-7f435ed6b000 rwxp 0091c000 08:05 393088                     /opt/java6/jre/lib/amd64/server/libjvm.so
7f435ed6b000-7f435eda5000 rwxp 00000000 00:00 0 
7f435eda5000-7f435ef40000 r-xp 00000000 08:05 919815                     /lib/libc-2.16.so
7f435ef40000-7f435f13f000 ---p 0019b000 08:05 919815                     /lib/libc-2.16.so
7f435f13f000-7f435f143000 r-xp 0019a000 08:05 919815                     /lib/libc-2.16.so
7f435f143000-7f435f145000 rwxp 0019e000 08:05 919815                     /lib/libc-2.16.so
7f435f145000-7f435f149000 rwxp 00000000 00:00 0 
7f435f149000-7f435f14c000 r-xp 00000000 08:05 919822                     /lib/libdl-2.16.so
7f435f14c000-7f435f34b000 ---p 00003000 08:05 919822                     /lib/libdl-2.16.so
7f435f34b000-7f435f34c000 r-xp 00002000 08:05 919822                     /lib/libdl-2.16.so
7f435f34c000-7f435f34d000 rwxp 00003000 08:05 919822                     /lib/libdl-2.16.so
7f435f34d000-7f435f364000 r-xp 00000000 08:05 919817                     /lib/libpthread-2.16.so
7f435f364000-7f435f563000 ---p 00017000 08:05 919817                     /lib/libpthread-2.16.so
7f435f563000-7f435f564000 r-xp 00016000 08:05 919817                     /lib/libpthread-2.16.so
7f435f564000-7f435f565000 rwxp 00017000 08:05 919817                     /lib/libpthread-2.16.so
7f435f565000-7f435f569000 rwxp 00000000 00:00 0 
7f435f569000-7f435f58a000 r-xp 00000000 08:05 927280                     /lib/ld-2.16.so
7f435f58a000-7f435f58b000 rwxs 81000000 00:05 6444                       /dev/snd/pcmC0D0p
7f435f58b000-7f435f58c000 r-xs 80000000 00:05 6444                       /dev/snd/pcmC0D0p
7f435f58c000-7f435f58d000 rwxs 00000000 00:04 21987338                   /SYSV0056a4d5 (deleted)
7f435f58d000-7f435f59c000 r-xs 000e8000 08:08 815045                     /home/bertrand/workspace/LibgdxViewer/libs/gdx.jar
7f435f59c000-7f435f5a6000 rwxp 00000000 00:00 0 
7f435f5a6000-7f435f65c000 rwxp 00000000 00:00 0 
7f435f65c000-7f435f65f000 rwxp 00000000 00:00 0 
7f435f65f000-7f435f666000 r-xp 00000000 08:05 272141                     /opt/java6/jre/lib/amd64/jli/libjli.so
7f435f666000-7f435f767000 ---p 00007000 08:05 272141                     /opt/java6/jre/lib/amd64/jli/libjli.so
7f435f767000-7f435f769000 rwxp 00008000 08:05 272141                     /opt/java6/jre/lib/amd64/jli/libjli.so
7f435f769000-7f435f76a000 rwxp 00000000 00:00 0 
7f435f76a000-7f435f76b000 r-xs 00127000 08:08 1451052                    /home/bertrand/workspace/LibgdxViewerDesktop/libs/gdx-natives.jar
7f435f76b000-7f435f77e000 r-xs 0013c000 08:08 1451053                    /home/bertrand/workspace/LibgdxViewerDesktop/libs/gdx-backend-lwjgl.jar
7f435f77e000-7f435f77f000 r-xs 0014e000 08:08 1451054                    /home/bertrand/workspace/LibgdxViewerDesktop/libs/gdx-backend-lwjgl-natives.jar
7f435f77f000-7f435f787000 rwxs 00000000 00:12 455432                     /tmp/hsperfdata_bertrand/12030
7f435f787000-7f435f788000 rwxp 00000000 00:00 0 
7f435f788000-7f435f789000 r-xp 00000000 00:00 0 
7f435f789000-7f435f78a000 rwxp 00000000 00:00 0 
7f435f78a000-7f435f78b000 r-xp 00021000 08:05 927280                     /lib/ld-2.16.so
7f435f78b000-7f435f78c000 rwxp 00022000 08:05 927280                     /lib/ld-2.16.so
7f435f78c000-7f435f78d000 rwxp 00000000 00:00 0 
7fffad042000-7fffad063000 rwxp 00000000 00:00 0                          [stack]
7fffad192000-7fffad193000 r-xp 00000000 00:00 0                          [vdso]
ffffffffff600000-ffffffffff601000 r-xp 00000000 00:00 0                  [vsyscall]

VM Arguments:
jvm_args: -Dfile.encoding=UTF-8 
java_command: com.horizon.test
Launcher Type: SUN_STANDARD

Environment Variables:
JAVA_HOME=/usr/lib/jvm/java-7-openjdk
PATH=/usr/local/bin:/usr/bin:/bin:/usr/local/sbin:/usr/sbin:/sbin:/opt/java6/jre/bin:/usr/bin/core_perl
LD_LIBRARY_PATH=/opt/java6/jre/lib/amd64/server:/opt/java6/jre/lib/amd64:/opt/java6/jre/../lib/amd64
SHELL=/bin/zsh
DISPLAY=:0

Signal Handlers:
SIGSEGV: [libjvm.so+0x860350], sa_mask[0]=0x7ffbfeff, sa_flags=0x10000004
SIGBUS: [libjvm.so+0x860350], sa_mask[0]=0x7ffbfeff, sa_flags=0x10000004
SIGFPE: [libjvm.so+0x70efb0], sa_mask[0]=0x7ffbfeff, sa_flags=0x10000004
SIGPIPE: [libjvm.so+0x70efb0], sa_mask[0]=0x7ffbfeff, sa_flags=0x10000004
SIGXFSZ: [libjvm.so+0x70efb0], sa_mask[0]=0x7ffbfeff, sa_flags=0x10000004
SIGILL: [libjvm.so+0x70efb0], sa_mask[0]=0x7ffbfeff, sa_flags=0x10000004
SIGUSR1: SIG_DFL, sa_mask[0]=0x00000000, sa_flags=0x00000000
SIGUSR2: [libjvm.so+0x711de0], sa_mask[0]=0x00000004, sa_flags=0x10000004
SIGHUP: [libjvm.so+0x7119e0], sa_mask[0]=0x7ffbfeff, sa_flags=0x10000004
SIGINT: [libjvm.so+0x7119e0], sa_mask[0]=0x7ffbfeff, sa_flags=0x10000004
SIGTERM: [libjvm.so+0x7119e0], sa_mask[0]=0x7ffbfeff, sa_flags=0x10000004
SIGQUIT: [libjvm.so+0x7119e0], sa_mask[0]=0x7ffbfeff, sa_flags=0x10000004


---------------  S Y S T E M  ---------------

OS:Linux
uname:Linux 3.4.4-2-ARCH #1 SMP PREEMPT Sun Jun 24 18:59:47 CEST 2012 x86_64
libc:glibc 2.16 NPTL 2.16 
rlimit: STACK 8192k, CORE 0k, NPROC 30949, NOFILE 4096, AS infinity
load average:1.36 1.05 0.88

/proc/meminfo:
MemTotal:        3967456 kB
MemFree:          970428 kB
Buffers:           97432 kB
Cached:           773460 kB
SwapCached:            0 kB
Active:          2187992 kB
Inactive:         638340 kB
Active(anon):    1961972 kB
Inactive(anon):    75908 kB
Active(file):     226020 kB
Inactive(file):   562432 kB
Unevictable:         132 kB
Mlocked:             132 kB
SwapTotal:       1951860 kB
SwapFree:        1951860 kB
Dirty:               184 kB
Writeback:             0 kB
AnonPages:       1951672 kB
Mapped:           150844 kB
Shmem:             82444 kB
Slab:              73780 kB
SReclaimable:      53212 kB
SUnreclaim:        20568 kB
KernelStack:        2424 kB
PageTables:        20248 kB
NFS_Unstable:          0 kB
Bounce:                0 kB
WritebackTmp:          0 kB
CommitLimit:     3935588 kB
Committed_AS:    3531248 kB
VmallocTotal:   34359738367 kB
VmallocUsed:      379468 kB
VmallocChunk:   34359265619 kB
HardwareCorrupted:     0 kB
AnonHugePages:   1206272 kB
HugePages_Total:       0
HugePages_Free:        0
HugePages_Rsvd:        0
HugePages_Surp:        0
Hugepagesize:       2048 kB
DirectMap4k:       12288 kB
DirectMap2M:     4106240 kB


CPU:total 4 (2 cores per cpu, 2 threads per core) family 6 model 42 stepping 7, cmov, cx8, fxsr, mmx, sse, sse2, sse3, ssse3, sse4.1, sse4.2, popcnt, ht

/proc/cpuinfo:
processor	: 0
vendor_id	: GenuineIntel
cpu family	: 6
model		: 42
model name	: Intel(R) Core(TM) i3-2100 CPU @ 3.10GHz
stepping	: 7
microcode	: 0x14
cpu MHz		: 1600.000
cache size	: 3072 KB
physical id	: 0
siblings	: 4
core id		: 0
cpu cores	: 2
apicid		: 0
initial apicid	: 0
fpu		: yes
fpu_exception	: yes
cpuid level	: 13
wp		: yes
flags		: fpu vme de pse tsc msr pae mce cx8 apic sep mtrr pge mca cmov pat pse36 clflush dts acpi mmx fxsr sse sse2 ss ht tm pbe syscall nx rdtscp lm constant_tsc arch_perfmon pebs bts rep_good nopl xtopology nonstop_tsc aperfmperf pni pclmulqdq dtes64 monitor ds_cpl vmx est tm2 ssse3 cx16 xtpr pdcm pcid sse4_1 sse4_2 popcnt tsc_deadline_timer xsave avx lahf_lm arat epb xsaveopt pln pts dts tpr_shadow vnmi flexpriority ept vpid
bogomips	: 6202.15
clflush size	: 64
cache_alignment	: 64
address sizes	: 36 bits physical, 48 bits virtual
power management:

processor	: 1
vendor_id	: GenuineIntel
cpu family	: 6
model		: 42
model name	: Intel(R) Core(TM) i3-2100 CPU @ 3.10GHz
stepping	: 7
microcode	: 0x14
cpu MHz		: 3100.000
cache size	: 3072 KB
physical id	: 0
siblings	: 4
core id		: 1
cpu cores	: 2
apicid		: 2
initial apicid	: 2
fpu		: yes
fpu_exception	: yes
cpuid level	: 13
wp		: yes
flags		: fpu vme de pse tsc msr pae mce cx8 apic sep mtrr pge mca cmov pat pse36 clflush dts acpi mmx fxsr sse sse2 ss ht tm pbe syscall nx rdtscp lm constant_tsc arch_perfmon pebs bts rep_good nopl xtopology nonstop_tsc aperfmperf pni pclmulqdq dtes64 monitor ds_cpl vmx est tm2 ssse3 cx16 xtpr pdcm pcid sse4_1 sse4_2 popcnt tsc_deadline_timer xsave avx lahf_lm arat epb xsaveopt pln pts dts tpr_shadow vnmi flexpriority ept vpid
bogomips	: 6202.15
clflush size	: 64
cache_alignment	: 64
address sizes	: 36 bits physical, 48 bits virtual
power management:

processor	: 2
vendor_id	: GenuineIntel
cpu family	: 6
model		: 42
model name	: Intel(R) Core(TM) i3-2100 CPU @ 3.10GHz
stepping	: 7
microcode	: 0x14
cpu MHz		: 1600.000
cache size	: 3072 KB
physical id	: 0
siblings	: 4
core id		: 0
cpu cores	: 2
apicid		: 1
initial apicid	: 1
fpu		: yes
fpu_exception	: yes
cpuid level	: 13
wp		: yes
flags		: fpu vme de pse tsc msr pae mce cx8 apic sep mtrr pge mca cmov pat pse36 clflush dts acpi mmx fxsr sse sse2 ss ht tm pbe syscall nx rdtscp lm constant_tsc arch_perfmon pebs bts rep_good nopl xtopology nonstop_tsc aperfmperf pni pclmulqdq dtes64 monitor ds_cpl vmx est tm2 ssse3 cx16 xtpr pdcm pcid sse4_1 sse4_2 popcnt tsc_deadline_timer xsave avx lahf_lm arat epb xsaveopt pln pts dts tpr_shadow vnmi flexpriority ept vpid
bogomips	: 6202.15
clflush size	: 64
cache_alignment	: 64
address sizes	: 36 bits physical, 48 bits virtual
power management:

processor	: 3
vendor_id	: GenuineIntel
cpu family	: 6
model		: 42
model name	: Intel(R) Core(TM) i3-2100 CPU @ 3.10GHz
stepping	: 7
microcode	: 0x14
cpu MHz		: 1600.000
cache size	: 3072 KB
physical id	: 0
siblings	: 4
core id		: 1
cpu cores	: 2
apicid		: 3
initial apicid	: 3
fpu		: yes
fpu_exception	: yes
cpuid level	: 13
wp		: yes
flags		: fpu vme de pse tsc msr pae mce cx8 apic sep mtrr pge mca cmov pat pse36 clflush dts acpi mmx fxsr sse sse2 ss ht tm pbe syscall nx rdtscp lm constant_tsc arch_perfmon pebs bts rep_good nopl xtopology nonstop_tsc aperfmperf pni pclmulqdq dtes64 monitor ds_cpl vmx est tm2 ssse3 cx16 xtpr pdcm pcid sse4_1 sse4_2 popcnt tsc_deadline_timer xsave avx lahf_lm arat epb xsaveopt pln pts dts tpr_shadow vnmi flexpriority ept vpid
bogomips	: 6202.15
clflush size	: 64
cache_alignment	: 64
address sizes	: 36 bits physical, 48 bits virtual
power management:



Memory: 4k page, physical 3967456k(970428k free), swap 1951860k(1951860k free)

vm_info: Java HotSpot(TM) 64-Bit Server VM (20.8-b03) for linux-amd64 JRE (1.6.0_33-b03), built on May  9 2012 09:57:57 by "java_re" with gcc 3.2.2 (SuSE Linux)

time: Thu Jul 12 17:45:06 2012
elapsed time: 176 seconds

