#
# A fatal error has been detected by the Java Runtime Environment:
#
#  SIGSEGV (0xb) at pc=0x000000000024e620, pid=30477, tid=140657485231872
#
# JRE version: 6.0_33-b03
# Java VM: Java HotSpot(TM) 64-Bit Server VM (20.8-b03 mixed mode linux-amd64 compressed oops)
# Problematic frame:
# C  0x000000000024e620
#
# If you would like to submit a bug report, please visit:
#   http://java.sun.com/webapps/bugreport/crash.jsp
#

---------------  T H R E A D  ---------------

Current thread is native thread

siginfo:si_signo=SIGSEGV: si_errno=0, si_code=1 (SEGV_MAPERR), si_addr=0x000000000024e620

Registers:
RAX=0x0000000000000000, RBX=0x00000000000003c0, RCX=0x0000000000000003, RDX=0x0000000000000000
RSP=0x00007fed5f712e48, RBP=0x00007fed9c1fca40, RSI=0xc0000000000007d0, RDI=0x00007fed9c1fca40
R8 =0x0000000000000000, R9 =0x0000000000000004, R10=0x0000000000000400, R11=0x0000000000000246
R12=0x00007feda00c8010, R13=0x00007fed5f712e90, R14=0x00007fed5f712e88, R15=0x00007fed5f712e98
RIP=0x000000000024e620, EFLAGS=0x0000000000010206, CSGSFS=0x0000000000000033, ERR=0x0000000000000014
  TRAPNO=0x000000000000000e

Top of Stack: (sp=0x00007fed5f712e48)
0x00007fed5f712e48:   00007fed6936e2d7 00007fed5f712e88
0x00007fed5f712e58:   00000000000003c0 00007fed9c19c250
0x00007fed5f712e68:   00007fed6937054c ffffffffffffffff
0x00007fed5f712e78:   00007fed00000003 0000000000000000
0x00007fed5f712e88:   0000000000000400 0000000000000c00
0x00007fed5f712e98:   00007fed9c1df0d0 00000000007ffef0
0x00007fed5f712ea8:   00007fed9c1fe2d0 0000000000000000
0x00007fed5f712eb8:   0000000000000000 00007fed9c19f7d0
0x00007fed5f712ec8:   0000000000000010 00007fed5f713700
0x00007fed5f712ed8:   00007fed69366d6a 0000000000000000
0x00007fed5f712ee8:   00007feda2998e0f 0000000000000000
0x00007fed5f712ef8:   00007fed5f713700 00007fed5f713700
0x00007fed5f712f08:   4554a0437a35bf4d 0000000000000000
0x00007fed5f712f18:   00007fed9c19f7d0 0000000000000010
0x00007fed5f712f28:   00007fed5f713700 ba8e1ea127d5bf4d
0x00007fed5f712f38:   ba8fe570619bbf4d 0000000000000000
0x00007fed5f712f48:   0000000000000000 0000000000000000
0x00007fed5f712f58:   0000000000000000 0000000000000000
0x00007fed5f712f68:   0000000000000000 0000000000000000
0x00007fed5f712f78:   0000000000000000 0000000000000000
0x00007fed5f712f88:   0000000000000000 0000000000000000
0x00007fed5f712f98:   0000000000000000 0000000000000000
0x00007fed5f712fa8:   0000000000000000 0000000000000000
0x00007fed5f712fb8:   0000000000000000 0000000000000000
0x00007fed5f712fc8:   0000000000000000 0000000000000000
0x00007fed5f712fd8:   0000000000000000 0000000000000000
0x00007fed5f712fe8:   0000000000000000 00007fed5f713700
0x00007fed5f712ff8:   00007feda24cd04d 0000000000000000
0x00007fed5f713008:   0000000000000000 0000000000000000
0x00007fed5f713018:   0000000000000000 0000000000000000
0x00007fed5f713028:   0000000000000000 0000000000000000
0x00007fed5f713038:   0000000000000000 0000000000000000 

Instructions: (pc=0x000000000024e620)
0x000000000024e600:   
[error occurred during error reporting (printing registers, top of stack, instructions near pc), id 0xb]

Register to memory mapping:

RAX=0x0000000000000000 is an unknown value
RBX=0x00000000000003c0 is an unknown value
RCX=0x0000000000000003 is an unknown value
RDX=0x0000000000000000 is an unknown value
RSP=0x00007fed5f712e48 is an unknown value
RBP=0x00007fed9c1fca40 is an unknown value
RSI=0xc0000000000007d0 is an unknown value
RDI=0x00007fed9c1fca40 is an unknown value
R8 =0x0000000000000000 is an unknown value
R9 =0x0000000000000004 is an unknown value
R10=0x0000000000000400 is an unknown value
R11=0x0000000000000246 is an unknown value
R12=0x00007feda00c8010 is an unknown value
R13=0x00007fed5f712e90 is an unknown value
R14=0x00007fed5f712e88 is an unknown value
R15=0x00007fed5f712e98 is an unknown value


Stack: [0x00007fed5ef13000,0x00007fed5f714000],  sp=0x00007fed5f712e48,  free space=8191k
Native frames: (J=compiled Java code, j=interpreted, Vv=VM code, C=native code)
C  0x000000000024e620


---------------  P R O C E S S  ---------------

VM state:not at safepoint (normal execution)

VM Mutex/Monitor currently owned by a thread: None

Heap
 PSYoungGen      total 18112K, used 6156K [0x00000000ebcb0000, 0x00000000ee010000, 0x0000000100000000)
  eden space 15552K, 32% used [0x00000000ebcb0000,0x00000000ec197c38,0x00000000ecbe0000)
  from space 2560K, 44% used [0x00000000ecbe0000,0x00000000eccfb5c8,0x00000000ece60000)
  to   space 2560K, 0% used [0x00000000edd90000,0x00000000edd90000,0x00000000ee010000)
 PSOldGen        total 41344K, used 14815K [0x00000000c3600000, 0x00000000c5e60000, 0x00000000ebcb0000)
  object space 41344K, 35% used [0x00000000c3600000,0x00000000c4477f40,0x00000000c5e60000)
 PSPermGen       total 21248K, used 9213K [0x00000000be400000, 0x00000000bf8c0000, 0x00000000c3600000)
  object space 21248K, 43% used [0x00000000be400000,0x00000000becff680,0x00000000bf8c0000)

Code Cache  [0x00007fed99000000, 0x00007fed99270000, 0x00007fed9c000000)
 total_blobs=576 nmethods=135 adapters=396 free_code_cache=49520512 largest_free_block=6592

Dynamic libraries:
40000000-40009000 r-xp 00000000 08:05 277505                             /opt/java6/jre/bin/java
40108000-4010a000 rwxp 00008000 08:05 277505                             /opt/java6/jre/bin/java
403ed000-4040e000 rwxp 00000000 00:00 0                                  [heap]
be400000-bf8c0000 rwxp 00000000 00:00 0 
bf8c0000-c3600000 rwxp 00000000 00:00 0 
c3600000-c5e60000 rwxp 00000000 00:00 0 
c5e60000-ebcb0000 rwxp 00000000 00:00 0 
ebcb0000-ee010000 rwxp 00000000 00:00 0 
ee010000-100000000 rwxp 00000000 00:00 0 
7fed4c000000-7fed4c021000 rwxp 00000000 00:00 0 
7fed4c021000-7fed50000000 ---p 00000000 00:00 0 
7fed54000000-7fed5486b000 rwxp 00000000 00:00 0 
7fed5486b000-7fed58000000 ---p 00000000 00:00 0 
7fed58000000-7fed58021000 rwxp 00000000 00:00 0 
7fed58021000-7fed5c000000 ---p 00000000 00:00 0 
7fed5c283000-7fed5cdbb000 rwxp 00000000 00:00 0 
7fed5cdbb000-7fed5cdc3000 r-xp 00000000 08:05 801231                     /usr/lib/libpciaccess.so.0.11.1
7fed5cdc3000-7fed5cfc2000 ---p 00008000 08:05 801231                     /usr/lib/libpciaccess.so.0.11.1
7fed5cfc2000-7fed5cfc3000 r-xp 00007000 08:05 801231                     /usr/lib/libpciaccess.so.0.11.1
7fed5cfc3000-7fed5cfc4000 rwxp 00008000 08:05 801231                     /usr/lib/libpciaccess.so.0.11.1
7fed5cfc4000-7fed5cfe2000 r-xp 00000000 08:05 805219                     /usr/lib/libdrm_intel.so.1.0.0
7fed5cfe2000-7fed5d1e1000 ---p 0001e000 08:05 805219                     /usr/lib/libdrm_intel.so.1.0.0
7fed5d1e1000-7fed5d1e2000 r-xp 0001d000 08:05 805219                     /usr/lib/libdrm_intel.so.1.0.0
7fed5d1e2000-7fed5d1e3000 rwxp 0001e000 08:05 805219                     /usr/lib/libdrm_intel.so.1.0.0
7fed5d1e3000-7fed5d20b000 r-xp 00000000 08:05 793984                     /usr/lib/libexpat.so.1.6.0
7fed5d20b000-7fed5d40a000 ---p 00028000 08:05 793984                     /usr/lib/libexpat.so.1.6.0
7fed5d40a000-7fed5d40c000 r-xp 00027000 08:05 793984                     /usr/lib/libexpat.so.1.6.0
7fed5d40c000-7fed5d40d000 rwxp 00029000 08:05 793984                     /usr/lib/libexpat.so.1.6.0
7fed5d40d000-7fed5d530000 r-xp 00000000 08:05 800140                     /usr/lib/libglsl.so
7fed5d530000-7fed5d72f000 ---p 00123000 08:05 800140                     /usr/lib/libglsl.so
7fed5d72f000-7fed5d738000 r-xp 00122000 08:05 800140                     /usr/lib/libglsl.so
7fed5d738000-7fed5d73b000 rwxp 0012b000 08:05 800140                     /usr/lib/libglsl.so
7fed5d73b000-7fed5d73c000 rwxp 00000000 00:00 0 
7fed5d73c000-7fed5d97b000 r-xp 00000000 08:05 800141                     /usr/lib/libdricore.so
7fed5d97b000-7fed5db7b000 ---p 0023f000 08:05 800141                     /usr/lib/libdricore.so
7fed5db7b000-7fed5db85000 r-xp 0023f000 08:05 800141                     /usr/lib/libdricore.so
7fed5db85000-7fed5db88000 rwxp 00249000 08:05 800141                     /usr/lib/libdricore.so
7fed5db88000-7fed5db9e000 rwxp 00000000 00:00 0 
7fed5db9e000-7fed5dc6e000 r-xp 00000000 08:05 800142                     /usr/lib/xorg/modules/dri/i965_dri.so
7fed5dc6e000-7fed5de6e000 ---p 000d0000 08:05 800142                     /usr/lib/xorg/modules/dri/i965_dri.so
7fed5de6e000-7fed5de71000 r-xp 000d0000 08:05 800142                     /usr/lib/xorg/modules/dri/i965_dri.so
7fed5de71000-7fed5de75000 rwxp 000d3000 08:05 800142                     /usr/lib/xorg/modules/dri/i965_dri.so
7fed5de75000-7fed5de80000 r-xp 00000000 08:05 805213                     /usr/lib/libdrm.so.2.4.0
7fed5de80000-7fed5e07f000 ---p 0000b000 08:05 805213                     /usr/lib/libdrm.so.2.4.0
7fed5e07f000-7fed5e080000 r-xp 0000a000 08:05 805213                     /usr/lib/libdrm.so.2.4.0
7fed5e080000-7fed5e081000 rwxp 0000b000 08:05 805213                     /usr/lib/libdrm.so.2.4.0
7fed5e081000-7fed5e096000 r-xp 00000000 08:05 801322                     /usr/lib/libxcb-glx.so.0.0.0
7fed5e096000-7fed5e295000 ---p 00015000 08:05 801322                     /usr/lib/libxcb-glx.so.0.0.0
7fed5e295000-7fed5e297000 rwxp 00014000 08:05 801322                     /usr/lib/libxcb-glx.so.0.0.0
7fed5e297000-7fed5e298000 r-xp 00000000 08:05 802266                     /usr/lib/libX11-xcb.so.1.0.0
7fed5e298000-7fed5e497000 ---p 00001000 08:05 802266                     /usr/lib/libX11-xcb.so.1.0.0
7fed5e497000-7fed5e498000 r-xp 00000000 08:05 802266                     /usr/lib/libX11-xcb.so.1.0.0
7fed5e498000-7fed5e499000 rwxp 00001000 08:05 802266                     /usr/lib/libX11-xcb.so.1.0.0
7fed5e499000-7fed5e49b000 r-xp 00000000 08:05 803889                     /usr/lib/libXdamage.so.1.1.0
7fed5e49b000-7fed5e69a000 ---p 00002000 08:05 803889                     /usr/lib/libXdamage.so.1.1.0
7fed5e69a000-7fed5e69b000 r-xp 00001000 08:05 803889                     /usr/lib/libXdamage.so.1.1.0
7fed5e69b000-7fed5e69c000 rwxp 00002000 08:05 803889                     /usr/lib/libXdamage.so.1.1.0
7fed5e69c000-7fed5e6bd000 r-xp 00000000 08:05 800134                     /usr/lib/libglapi.so.0.0.0
7fed5e6bd000-7fed5e8bc000 ---p 00021000 08:05 800134                     /usr/lib/libglapi.so.0.0.0
7fed5e8bc000-7fed5e8bf000 r-xp 00020000 08:05 800134                     /usr/lib/libglapi.so.0.0.0
7fed5e8bf000-7fed5e8c0000 rwxp 00023000 08:05 800134                     /usr/lib/libglapi.so.0.0.0
7fed5e8c0000-7fed5e8c1000 rwxp 00000000 00:00 0 
7fed5e8c1000-7fed5e91b000 r-xp 00000000 08:05 800139                     /usr/lib/libGL.so.1.2
7fed5e91b000-7fed5eb1b000 ---p 0005a000 08:05 800139                     /usr/lib/libGL.so.1.2
7fed5eb1b000-7fed5eb1d000 r-xp 0005a000 08:05 800139                     /usr/lib/libGL.so.1.2
7fed5eb1d000-7fed5eb1e000 rwxp 0005c000 08:05 800139                     /usr/lib/libGL.so.1.2
7fed5eb1e000-7fed5eb1f000 rwxp 00000000 00:00 0 
7fed5eb1f000-7fed5eb22000 ---p 00000000 00:00 0 
7fed5eb22000-7fed5ec20000 rwxp 00000000 00:00 0 
7fed5ec20000-7fed5ed0b000 r-xp 00000000 08:05 805612                     /usr/lib/libasound.so.2.0.0
7fed5ed0b000-7fed5ef0b000 ---p 000eb000 08:05 805612                     /usr/lib/libasound.so.2.0.0
7fed5ef0b000-7fed5ef11000 r-xp 000eb000 08:05 805612                     /usr/lib/libasound.so.2.0.0
7fed5ef11000-7fed5ef13000 rwxp 000f1000 08:05 805612                     /usr/lib/libasound.so.2.0.0
7fed5ef13000-7fed5ef14000 ---p 00000000 00:00 0 
7fed5ef14000-7fed5f714000 rwxp 00000000 00:00 0                          [stack:30503]
7fed5f714000-7fed5f727000 r-xp 00000000 08:05 781860                     /usr/lib/libresolv-2.16.so
7fed5f727000-7fed5f927000 ---p 00013000 08:05 781860                     /usr/lib/libresolv-2.16.so
7fed5f927000-7fed5f928000 r-xp 00013000 08:05 781860                     /usr/lib/libresolv-2.16.so
7fed5f928000-7fed5f929000 rwxp 00014000 08:05 781860                     /usr/lib/libresolv-2.16.so
7fed5f929000-7fed5f92b000 rwxp 00000000 00:00 0 
7fed5f92b000-7fed5f931000 r-xp 00000000 08:05 806037                     /usr/lib/libogg.so.0.8.0
7fed5f931000-7fed5fb30000 ---p 00006000 08:05 806037                     /usr/lib/libogg.so.0.8.0
7fed5fb30000-7fed5fb31000 rwxp 00005000 08:05 806037                     /usr/lib/libogg.so.0.8.0
7fed5fb31000-7fed5fde4000 r-xp 00000000 08:05 806166                     /usr/lib/libvorbisenc.so.2.0.9
7fed5fde4000-7fed5ffe3000 ---p 002b3000 08:05 806166                     /usr/lib/libvorbisenc.so.2.0.9
7fed5ffe3000-7fed5ffff000 r-xp 002b2000 08:05 806166                     /usr/lib/libvorbisenc.so.2.0.9
7fed5ffff000-7fed60000000 rwxp 002ce000 08:05 806166                     /usr/lib/libvorbisenc.so.2.0.9
7fed60000000-7fed60021000 rwxp 00000000 00:00 0 
7fed60021000-7fed64000000 ---p 00000000 00:00 0 
7fed64000000-7fed64021000 rwxp 00000000 00:00 0 
7fed64021000-7fed68000000 ---p 00000000 00:00 0 
7fed68063000-7fed68066000 ---p 00000000 00:00 0 
7fed68066000-7fed68164000 rwxp 00000000 00:00 0                          [stack:30504]
7fed68164000-7fed68190000 r-xp 00000000 08:05 806163                     /usr/lib/libvorbis.so.0.4.6
7fed68190000-7fed6838f000 ---p 0002c000 08:05 806163                     /usr/lib/libvorbis.so.0.4.6
7fed6838f000-7fed68390000 r-xp 0002b000 08:05 806163                     /usr/lib/libvorbis.so.0.4.6
7fed68390000-7fed68391000 rwxp 0002c000 08:05 806163                     /usr/lib/libvorbis.so.0.4.6
7fed68391000-7fed683db000 r-xp 00000000 08:05 806129                     /usr/lib/libFLAC.so.8.2.0
7fed683db000-7fed685da000 ---p 0004a000 08:05 806129                     /usr/lib/libFLAC.so.8.2.0
7fed685da000-7fed685dc000 rwxp 00049000 08:05 806129                     /usr/lib/libFLAC.so.8.2.0
7fed685dc000-7fed685e1000 r-xp 00000000 08:05 813851                     /usr/lib/libasyncns.so.0.3.1
7fed685e1000-7fed687e0000 ---p 00005000 08:05 813851                     /usr/lib/libasyncns.so.0.3.1
7fed687e0000-7fed687e1000 r-xp 00004000 08:05 813851                     /usr/lib/libasyncns.so.0.3.1
7fed687e1000-7fed687e2000 rwxp 00005000 08:05 813851                     /usr/lib/libasyncns.so.0.3.1
7fed687e2000-7fed68841000 r-xp 00000000 08:05 806322                     /usr/lib/libsndfile.so.1.0.25
7fed68841000-7fed68a41000 ---p 0005f000 08:05 806322                     /usr/lib/libsndfile.so.1.0.25
7fed68a41000-7fed68a43000 r-xp 0005f000 08:05 806322                     /usr/lib/libsndfile.so.1.0.25
7fed68a43000-7fed68a44000 rwxp 00061000 08:05 806322                     /usr/lib/libsndfile.so.1.0.25
7fed68a44000-7fed68a48000 rwxp 00000000 00:00 0 
7fed68a48000-7fed68a8c000 r-xp 00000000 08:05 787981                     /usr/lib/libdbus-1.so.3.7.2
7fed68a8c000-7fed68c8b000 ---p 00044000 08:05 787981                     /usr/lib/libdbus-1.so.3.7.2
7fed68c8b000-7fed68c8c000 r-xp 00043000 08:05 787981                     /usr/lib/libdbus-1.so.3.7.2
7fed68c8c000-7fed68c8d000 rwxp 00044000 08:05 787981                     /usr/lib/libdbus-1.so.3.7.2
7fed68c8d000-7fed68cec000 r-xp 00000000 08:05 923982                     /usr/lib/pulseaudio/libpulsecommon-2.1.so
7fed68cec000-7fed68eec000 ---p 0005f000 08:05 923982                     /usr/lib/pulseaudio/libpulsecommon-2.1.so
7fed68eec000-7fed68eed000 r-xp 0005f000 08:05 923982                     /usr/lib/pulseaudio/libpulsecommon-2.1.so
7fed68eed000-7fed68eef000 rwxp 00060000 08:05 923982                     /usr/lib/pulseaudio/libpulsecommon-2.1.so
7fed68eef000-7fed68ef6000 r-xp 00000000 08:05 813856                     /usr/lib/libjson.so.0.0.1
7fed68ef6000-7fed690f5000 ---p 00007000 08:05 813856                     /usr/lib/libjson.so.0.0.1
7fed690f5000-7fed690f6000 r-xp 00006000 08:05 813856                     /usr/lib/libjson.so.0.0.1
7fed690f6000-7fed690f7000 rwxp 00007000 08:05 813856                     /usr/lib/libjson.so.0.0.1
7fed690f7000-7fed6913f000 r-xp 00000000 08:05 813866                     /usr/lib/libpulse.so.0.14.3
7fed6913f000-7fed6933f000 ---p 00048000 08:05 813866                     /usr/lib/libpulse.so.0.14.3
7fed6933f000-7fed69340000 r-xp 00048000 08:05 813866                     /usr/lib/libpulse.so.0.14.3
7fed69340000-7fed69341000 rwxp 00049000 08:05 813866                     /usr/lib/libpulse.so.0.14.3
7fed69341000-7fed6938d000 r-xp 00000000 00:12 43097                      /tmp/libgdxbertrand/553733341/libopenal64.so
7fed6938d000-7fed6958d000 ---p 0004c000 00:12 43097                      /tmp/libgdxbertrand/553733341/libopenal64.so
7fed6958d000-7fed6958f000 r-xp 0004c000 00:12 43097                      /tmp/libgdxbertrand/553733341/libopenal64.so
7fed6958f000-7fed69590000 rwxp 0004e000 00:12 43097                      /tmp/libgdxbertrand/553733341/libopenal64.so
7fed69590000-7fed69591000 rwxp 00000000 00:00 0 
7fed69591000-7fed69596000 r-xp 00000000 08:05 803806                     /usr/lib/libXxf86vm.so.1.0.0
7fed69596000-7fed69795000 ---p 00005000 08:05 803806                     /usr/lib/libXxf86vm.so.1.0.0
7fed69795000-7fed69796000 r-xp 00004000 08:05 803806                     /usr/lib/libXxf86vm.so.1.0.0
7fed69796000-7fed69797000 rwxp 00005000 08:05 803806                     /usr/lib/libXxf86vm.so.1.0.0
7fed69797000-7fed6979f000 r-xp 00000000 08:05 803641                     /usr/lib/libXrandr.so.2.2.0
7fed6979f000-7fed6999e000 ---p 00008000 08:05 803641                     /usr/lib/libXrandr.so.2.2.0
7fed6999e000-7fed6999f000 r-xp 00007000 08:05 803641                     /usr/lib/libXrandr.so.2.2.0
7fed6999f000-7fed699a0000 rwxp 00008000 08:05 803641                     /usr/lib/libXrandr.so.2.2.0
7fed699a0000-7fed69a07000 r-xp 00000000 00:12 43098                      /tmp/libgdxbertrand/553733341/liblwjgl64.so
7fed69a07000-7fed69c07000 ---p 00067000 00:12 43098                      /tmp/libgdxbertrand/553733341/liblwjgl64.so
7fed69c07000-7fed69c09000 r-xp 00067000 00:12 43098                      /tmp/libgdxbertrand/553733341/liblwjgl64.so
7fed69c09000-7fed69c0a000 rwxp 00069000 00:12 43098                      /tmp/libgdxbertrand/553733341/liblwjgl64.so
7fed69c0a000-7fed69c0b000 r-xp 00000000 08:05 269027                     /opt/java6/jre/lib/amd64/libjawt.so
7fed69c0b000-7fed69d0a000 ---p 00001000 08:05 269027                     /opt/java6/jre/lib/amd64/libjawt.so
7fed69d0a000-7fed69d0b000 rwxp 00000000 08:05 269027                     /opt/java6/jre/lib/amd64/libjawt.so
7fed69d0b000-7fed69d0e000 ---p 00000000 00:00 0 
7fed69d0e000-7fed69e0c000 rwxp 00000000 00:00 0                          [stack:30500]
7fed69e0c000-7fed69e11000 r-xp 00000000 08:05 803651                     /usr/lib/libXfixes.so.3.1.0
7fed69e11000-7fed6a011000 ---p 00005000 08:05 803651                     /usr/lib/libXfixes.so.3.1.0
7fed6a011000-7fed6a012000 r-xp 00005000 08:05 803651                     /usr/lib/libXfixes.so.3.1.0
7fed6a012000-7fed6a013000 rwxp 00006000 08:05 803651                     /usr/lib/libXfixes.so.3.1.0
7fed6a013000-7fed6a01d000 r-xp 00000000 08:05 802577                     /usr/lib/libXrender.so.1.3.0
7fed6a01d000-7fed6a21c000 ---p 0000a000 08:05 802577                     /usr/lib/libXrender.so.1.3.0
7fed6a21c000-7fed6a21d000 r-xp 00009000 08:05 802577                     /usr/lib/libXrender.so.1.3.0
7fed6a21d000-7fed6a21e000 rwxp 0000a000 08:05 802577                     /usr/lib/libXrender.so.1.3.0
7fed6a21e000-7fed6a227000 r-xp 00000000 08:05 803687                     /usr/lib/libXcursor.so.1.0.2
7fed6a227000-7fed6a426000 ---p 00009000 08:05 803687                     /usr/lib/libXcursor.so.1.0.2
7fed6a426000-7fed6a427000 r-xp 00008000 08:05 803687                     /usr/lib/libXcursor.so.1.0.2
7fed6a427000-7fed6a428000 rwxp 00009000 08:05 803687                     /usr/lib/libXcursor.so.1.0.2
7fed6a428000-7fed6a4a1000 r-xp 00000000 08:05 269039                     /opt/java6/jre/lib/amd64/libfontmanager.so
7fed6a4a1000-7fed6a5a0000 ---p 00079000 08:05 269039                     /opt/java6/jre/lib/amd64/libfontmanager.so
7fed6a5a0000-7fed6a5b5000 rwxp 00078000 08:05 269039                     /opt/java6/jre/lib/amd64/libfontmanager.so
7fed6a5b5000-7fed6a5c7000 rwxp 00000000 00:00 0 
7fed6a5c7000-7fed6a5cc000 r-xp 00000000 08:05 801133                     /usr/lib/libXdmcp.so.6.0.0
7fed6a5cc000-7fed6a7cb000 ---p 00005000 08:05 801133                     /usr/lib/libXdmcp.so.6.0.0
7fed6a7cb000-7fed6a7cc000 r-xp 00004000 08:05 801133                     /usr/lib/libXdmcp.so.6.0.0
7fed6a7cc000-7fed6a7cd000 rwxp 00005000 08:05 801133                     /usr/lib/libXdmcp.so.6.0.0
7fed6a7cd000-7fed6a7cf000 r-xp 00000000 08:05 801311                     /usr/lib/libXau.so.6.0.0
7fed6a7cf000-7fed6a9cf000 ---p 00002000 08:05 801311                     /usr/lib/libXau.so.6.0.0
7fed6a9cf000-7fed6a9d0000 r-xp 00002000 08:05 801311                     /usr/lib/libXau.so.6.0.0
7fed6a9d0000-7fed6a9d1000 rwxp 00003000 08:05 801311                     /usr/lib/libXau.so.6.0.0
7fed6a9d1000-7fed6a9ee000 r-xp 00000000 08:05 801362                     /usr/lib/libxcb.so.1.1.0
7fed6a9ee000-7fed6abee000 ---p 0001d000 08:05 801362                     /usr/lib/libxcb.so.1.1.0
7fed6abee000-7fed6abef000 rwxp 0001d000 08:05 801362                     /usr/lib/libxcb.so.1.1.0
7fed6abef000-7fed6abfd000 r-xp 00000000 08:05 803762                     /usr/lib/libXi.so.6.1.0
7fed6abfd000-7fed6adfc000 ---p 0000e000 08:05 803762                     /usr/lib/libXi.so.6.1.0
7fed6adfc000-7fed6adfd000 r-xp 0000d000 08:05 803762                     /usr/lib/libXi.so.6.1.0
7fed6adfd000-7fed6adfe000 rwxp 0000e000 08:05 803762                     /usr/lib/libXi.so.6.1.0
7fed6adfe000-7fed6ae03000 r-xp 00000000 08:05 803780                     /usr/lib/libXtst.so.6.1.0
7fed6ae03000-7fed6b003000 ---p 00005000 08:05 803780                     /usr/lib/libXtst.so.6.1.0
7fed6b003000-7fed6b004000 r-xp 00005000 08:05 803780                     /usr/lib/libXtst.so.6.1.0
7fed6b004000-7fed6b005000 rwxp 00006000 08:05 803780                     /usr/lib/libXtst.so.6.1.0
7fed6b005000-7fed6b138000 r-xp 00000000 08:05 802265                     /usr/lib/libX11.so.6.3.0
7fed6b138000-7fed6b338000 ---p 00133000 08:05 802265                     /usr/lib/libX11.so.6.3.0
7fed6b338000-7fed6b339000 r-xp 00133000 08:05 802265                     /usr/lib/libX11.so.6.3.0
7fed6b339000-7fed6b33e000 rwxp 00134000 08:05 802265                     /usr/lib/libX11.so.6.3.0
7fed6b33e000-7fed6b350000 r-xp 00000000 08:05 803080                     /usr/lib/libXext.so.6.4.0
7fed6b350000-7fed6b54f000 ---p 00012000 08:05 803080                     /usr/lib/libXext.so.6.4.0
7fed6b54f000-7fed6b550000 r-xp 00011000 08:05 803080                     /usr/lib/libXext.so.6.4.0
7fed6b550000-7fed6b551000 rwxp 00012000 08:05 803080                     /usr/lib/libXext.so.6.4.0
7fed6b551000-7fed6b593000 r-xp 00000000 08:05 393093                     /opt/java6/jre/lib/amd64/xawt/libmawt.so
7fed6b593000-7fed6b692000 ---p 00042000 08:05 393093                     /opt/java6/jre/lib/amd64/xawt/libmawt.so
7fed6b692000-7fed6b69e000 rwxp 00041000 08:05 393093                     /opt/java6/jre/lib/amd64/xawt/libmawt.so
7fed6b69e000-7fed6b69f000 rwxp 00000000 00:00 0 
7fed6b69f000-7fed6b731000 r-xp 00000000 08:05 269013                     /opt/java6/jre/lib/amd64/libawt.so
7fed6b731000-7fed6b830000 ---p 00092000 08:05 269013                     /opt/java6/jre/lib/amd64/libawt.so
7fed6b830000-7fed6b84a000 rwxp 00091000 08:05 269013                     /opt/java6/jre/lib/amd64/libawt.so
7fed6b84a000-7fed6b86e000 rwxp 00000000 00:00 0 
7fed6b86e000-7fed6b883000 r-xp 00000000 08:05 784397                     /usr/lib/libgcc_s.so.1
7fed6b883000-7fed6ba82000 ---p 00015000 08:05 784397                     /usr/lib/libgcc_s.so.1
7fed6ba82000-7fed6ba83000 rwxp 00014000 08:05 784397                     /usr/lib/libgcc_s.so.1
7fed6ba83000-7fed6bb68000 r-xp 00000000 08:05 788023                     /usr/lib/libstdc++.so.6.0.17
7fed6bb68000-7fed6bd67000 ---p 000e5000 08:05 788023                     /usr/lib/libstdc++.so.6.0.17
7fed6bd67000-7fed6bd6f000 r-xp 000e4000 08:05 788023                     /usr/lib/libstdc++.so.6.0.17
7fed6bd6f000-7fed6bd71000 rwxp 000ec000 08:05 788023                     /usr/lib/libstdc++.so.6.0.17
7fed6bd71000-7fed6bd86000 rwxp 00000000 00:00 0 
7fed6bd86000-7fed6bdfd000 r-xp 00000000 00:12 43096                      /tmp/libgdxbertrand/553733341/libgdx64.so
7fed6bdfd000-7fed6bffc000 ---p 00077000 00:12 43096                      /tmp/libgdxbertrand/553733341/libgdx64.so
7fed6bffc000-7fed6bffe000 r-xp 00076000 00:12 43096                      /tmp/libgdxbertrand/553733341/libgdx64.so
7fed6bffe000-7fed6bfff000 rwxp 00078000 00:12 43096                      /tmp/libgdxbertrand/553733341/libgdx64.so
7fed6bfff000-7fed6c000000 rwxp 00000000 00:00 0 
7fed6c000000-7fed6c546000 rwxp 00000000 00:00 0 
7fed6c546000-7fed70000000 ---p 00000000 00:00 0 
7fed70000000-7fed70021000 rwxp 00000000 00:00 0 
7fed70021000-7fed74000000 ---p 00000000 00:00 0 
7fed74000000-7fed74021000 rwxp 00000000 00:00 0 
7fed74021000-7fed78000000 ---p 00000000 00:00 0 
7fed78000000-7fed7872a000 rwxp 00000000 00:00 0 
7fed7872a000-7fed7c000000 ---p 00000000 00:00 0 
7fed7c000000-7fed7c021000 rwxp 00000000 00:00 0 
7fed7c021000-7fed80000000 ---p 00000000 00:00 0 
7fed80000000-7fed80021000 rwxp 00000000 00:00 0 
7fed80021000-7fed84000000 ---p 00000000 00:00 0 
7fed84000000-7fed84021000 rwxp 00000000 00:00 0 
7fed84021000-7fed88000000 ---p 00000000 00:00 0 
7fed88000000-7fed88021000 rwxp 00000000 00:00 0 
7fed88021000-7fed8c000000 ---p 00000000 00:00 0 
7fed8c000000-7fed8c021000 rwxp 00000000 00:00 0 
7fed8c021000-7fed90000000 ---p 00000000 00:00 0 
7fed90000000-7fed90021000 rwxp 00000000 00:00 0 
7fed90021000-7fed94000000 ---p 00000000 00:00 0 
7fed94000000-7fed94021000 rwxp 00000000 00:00 0 
7fed94021000-7fed98000000 ---p 00000000 00:00 0 
7fed9802b000-7fed9802e000 ---p 00000000 00:00 0 
7fed9802e000-7fed9812c000 rwxp 00000000 00:00 0                          [stack:30499]
7fed9812c000-7fed9812d000 ---p 00000000 00:00 0 
7fed9812d000-7fed9822d000 rwxp 00000000 00:00 0                          [stack:30498]
7fed9822d000-7fed98230000 ---p 00000000 00:00 0 
7fed98230000-7fed9832e000 rwxp 00000000 00:00 0                          [stack:30497]
7fed9832e000-7fed98331000 ---p 00000000 00:00 0 
7fed98331000-7fed9842f000 rwxp 00000000 00:00 0                          [stack:30496]
7fed9842f000-7fed98432000 ---p 00000000 00:00 0 
7fed98432000-7fed98530000 rwxp 00000000 00:00 0                          [stack:30495]
7fed98530000-7fed98533000 ---p 00000000 00:00 0 
7fed98533000-7fed98631000 rwxp 00000000 00:00 0                          [stack:30494]
7fed98631000-7fed987f8000 r-xp 00000000 08:05 809481                     /usr/lib/locale/locale-archive
7fed987f8000-7fed987fb000 ---p 00000000 00:00 0 
7fed987fb000-7fed988f9000 rwxp 00000000 00:00 0                          [stack:30493]
7fed988f9000-7fed988fc000 ---p 00000000 00:00 0 
7fed988fc000-7fed989fa000 rwxp 00000000 00:00 0                          [stack:30492]
7fed989fa000-7fed989fb000 ---p 00000000 00:00 0 
7fed989fb000-7fed99270000 rwxp 00000000 00:00 0                          [stack:30491]
7fed99270000-7fed9c24d000 rwxp 00000000 00:00 0 
7fed9c24d000-7feda0000000 ---p 00000000 00:00 0 
7feda0004000-7feda0078000 rwxp 00000000 00:00 0 
7feda0085000-7feda00a5000 rwxs 00000000 00:04 33980423                   /SYSV0056a4d6 (deleted)
7feda00a5000-7feda00c5000 rwxs 00000000 00:05 7432                       /dev/snd/pcmC0D0p
7feda00c5000-7feda00c6000 rwxs 81000000 00:05 7432                       /dev/snd/pcmC0D0p
7feda00c6000-7feda00c7000 r-xs 80000000 00:05 7432                       /dev/snd/pcmC0D0p
7feda00c7000-7feda00c8000 rwxs 00000000 00:04 33947654                   /SYSV0056a4d5 (deleted)
7feda00c8000-7feda0125000 rwxp 00000000 00:00 0 
7feda0125000-7feda02bc000 r-xs 0307a000 08:05 268962                     /opt/java6/jre/lib/rt.jar
7feda02bc000-7feda02e4000 rwxp 00000000 00:00 0 
7feda02e4000-7feda02e5000 ---p 00000000 00:00 0 
7feda02e5000-7feda03e5000 rwxp 00000000 00:00 0                          [stack:30490]
7feda03e5000-7feda03e6000 ---p 00000000 00:00 0 
7feda03e6000-7feda04e6000 rwxp 00000000 00:00 0                          [stack:30489]
7feda04e6000-7feda04e7000 ---p 00000000 00:00 0 
7feda04e7000-7feda05e7000 rwxp 00000000 00:00 0                          [stack:30488]
7feda05e7000-7feda05e8000 ---p 00000000 00:00 0 
7feda05e8000-7feda06f3000 rwxp 00000000 00:00 0                          [stack:30487]
7feda06f3000-7feda0711000 rwxp 00000000 00:00 0 
7feda0711000-7feda0726000 rwxp 00000000 00:00 0 
7feda0726000-7feda0855000 rwxp 00000000 00:00 0 
7feda0855000-7feda0860000 rwxp 00000000 00:00 0 
7feda0860000-7feda087e000 rwxp 00000000 00:00 0 
7feda087e000-7feda0893000 rwxp 00000000 00:00 0 
7feda0893000-7feda09c1000 rwxp 00000000 00:00 0 
7feda09c1000-7feda09d4000 rwxp 00000000 00:00 0 
7feda09d4000-7feda0a63000 rwxp 00000000 00:00 0 
7feda0a63000-7feda0a64000 rwxp 00000000 00:00 0 
7feda0a64000-7feda0a72000 r-xp 00000000 08:05 269037                     /opt/java6/jre/lib/amd64/libzip.so
7feda0a72000-7feda0b74000 ---p 0000e000 08:05 269037                     /opt/java6/jre/lib/amd64/libzip.so
7feda0b74000-7feda0b77000 rwxp 00010000 08:05 269037                     /opt/java6/jre/lib/amd64/libzip.so
7feda0b77000-7feda0b78000 rwxp 00000000 00:00 0 
7feda0b78000-7feda0b84000 r-xp 00000000 08:05 781862                     /usr/lib/libnss_files-2.16.so
7feda0b84000-7feda0d83000 ---p 0000c000 08:05 781862                     /usr/lib/libnss_files-2.16.so
7feda0d83000-7feda0d84000 r-xp 0000b000 08:05 781862                     /usr/lib/libnss_files-2.16.so
7feda0d84000-7feda0d85000 rwxp 0000c000 08:05 781862                     /usr/lib/libnss_files-2.16.so
7feda0d85000-7feda0d9a000 r-xp 00000000 08:05 781875                     /usr/lib/libnsl-2.16.so
7feda0d9a000-7feda0f99000 ---p 00015000 08:05 781875                     /usr/lib/libnsl-2.16.so
7feda0f99000-7feda0f9a000 r-xp 00014000 08:05 781875                     /usr/lib/libnsl-2.16.so
7feda0f9a000-7feda0f9b000 rwxp 00015000 08:05 781875                     /usr/lib/libnsl-2.16.so
7feda0f9b000-7feda0f9d000 rwxp 00000000 00:00 0 
7feda0f9d000-7feda0fc6000 r-xp 00000000 08:05 269028                     /opt/java6/jre/lib/amd64/libjava.so
7feda0fc6000-7feda10c5000 ---p 00029000 08:05 269028                     /opt/java6/jre/lib/amd64/libjava.so
7feda10c5000-7feda10cc000 rwxp 00028000 08:05 269028                     /opt/java6/jre/lib/amd64/libjava.so
7feda10cc000-7feda10d9000 r-xp 00000000 08:05 269042                     /opt/java6/jre/lib/amd64/libverify.so
7feda10d9000-7feda11d8000 ---p 0000d000 08:05 269042                     /opt/java6/jre/lib/amd64/libverify.so
7feda11d8000-7feda11db000 rwxp 0000c000 08:05 269042                     /opt/java6/jre/lib/amd64/libverify.so
7feda11db000-7feda11e2000 r-xp 00000000 08:05 781865                     /usr/lib/librt-2.16.so
7feda11e2000-7feda13e1000 ---p 00007000 08:05 781865                     /usr/lib/librt-2.16.so
7feda13e1000-7feda13e2000 r-xp 00006000 08:05 781865                     /usr/lib/librt-2.16.so
7feda13e2000-7feda13e3000 rwxp 00007000 08:05 781865                     /usr/lib/librt-2.16.so
7feda13e3000-7feda13e6000 ---p 00000000 00:00 0 
7feda13e6000-7feda14e4000 rwxp 00000000 00:00 0                          [stack:30481]
7feda14e4000-7feda15dd000 r-xp 00000000 08:05 781848                     /usr/lib/libm-2.16.so
7feda15dd000-7feda17dc000 ---p 000f9000 08:05 781848                     /usr/lib/libm-2.16.so
7feda17dc000-7feda17dd000 r-xp 000f8000 08:05 781848                     /usr/lib/libm-2.16.so
7feda17dd000-7feda17de000 rwxp 000f9000 08:05 781848                     /usr/lib/libm-2.16.so
7feda17de000-7feda20f9000 r-xp 00000000 08:05 393088                     /opt/java6/jre/lib/amd64/server/libjvm.so
7feda20f9000-7feda21fa000 ---p 0091b000 08:05 393088                     /opt/java6/jre/lib/amd64/server/libjvm.so
7feda21fa000-7feda23af000 rwxp 0091c000 08:05 393088                     /opt/java6/jre/lib/amd64/server/libjvm.so
7feda23af000-7feda23e9000 rwxp 00000000 00:00 0 
7feda23e9000-7feda2584000 r-xp 00000000 08:05 781853                     /usr/lib/libc-2.16.so
7feda2584000-7feda2783000 ---p 0019b000 08:05 781853                     /usr/lib/libc-2.16.so
7feda2783000-7feda2787000 r-xp 0019a000 08:05 781853                     /usr/lib/libc-2.16.so
7feda2787000-7feda2789000 rwxp 0019e000 08:05 781853                     /usr/lib/libc-2.16.so
7feda2789000-7feda278d000 rwxp 00000000 00:00 0 
7feda278d000-7feda2790000 r-xp 00000000 08:05 781874                     /usr/lib/libdl-2.16.so
7feda2790000-7feda298f000 ---p 00003000 08:05 781874                     /usr/lib/libdl-2.16.so
7feda298f000-7feda2990000 r-xp 00002000 08:05 781874                     /usr/lib/libdl-2.16.so
7feda2990000-7feda2991000 rwxp 00003000 08:05 781874                     /usr/lib/libdl-2.16.so
7feda2991000-7feda29a8000 r-xp 00000000 08:05 781858                     /usr/lib/libpthread-2.16.so
7feda29a8000-7feda2ba7000 ---p 00017000 08:05 781858                     /usr/lib/libpthread-2.16.so
7feda2ba7000-7feda2ba8000 r-xp 00016000 08:05 781858                     /usr/lib/libpthread-2.16.so
7feda2ba8000-7feda2ba9000 rwxp 00017000 08:05 781858                     /usr/lib/libpthread-2.16.so
7feda2ba9000-7feda2bad000 rwxp 00000000 00:00 0 
7feda2bad000-7feda2bce000 r-xp 00000000 08:05 781866                     /usr/lib/ld-2.16.so
7feda2bd0000-7feda2bdf000 r-xs 000e8000 08:08 815045                     /home/bertrand/workspace/LibgdxViewer/libs/gdx.jar
7feda2bdf000-7feda2be9000 rwxp 00000000 00:00 0 
7feda2be9000-7feda2c9f000 rwxp 00000000 00:00 0 
7feda2c9f000-7feda2ca2000 rwxp 00000000 00:00 0 
7feda2ca2000-7feda2ca9000 r-xp 00000000 08:05 272141                     /opt/java6/jre/lib/amd64/jli/libjli.so
7feda2ca9000-7feda2daa000 ---p 00007000 08:05 272141                     /opt/java6/jre/lib/amd64/jli/libjli.so
7feda2daa000-7feda2dac000 rwxp 00008000 08:05 272141                     /opt/java6/jre/lib/amd64/jli/libjli.so
7feda2dac000-7feda2dae000 rwxp 00000000 00:00 0 
7feda2dae000-7feda2daf000 r-xs 00127000 08:08 1451052                    /home/bertrand/workspace/LibgdxViewerDesktop/libs/gdx-natives.jar
7feda2daf000-7feda2dc2000 r-xs 0013c000 08:08 1451053                    /home/bertrand/workspace/LibgdxViewerDesktop/libs/gdx-backend-lwjgl.jar
7feda2dc2000-7feda2dc3000 r-xs 0014e000 08:08 1451054                    /home/bertrand/workspace/LibgdxViewerDesktop/libs/gdx-backend-lwjgl-natives.jar
7feda2dc3000-7feda2dcb000 rwxs 00000000 00:12 335570                     /tmp/hsperfdata_bertrand/30477
7feda2dcb000-7feda2dcc000 rwxp 00000000 00:00 0 
7feda2dcc000-7feda2dcd000 r-xp 00000000 00:00 0 
7feda2dcd000-7feda2dce000 rwxp 00000000 00:00 0 
7feda2dce000-7feda2dcf000 r-xp 00021000 08:05 781866                     /usr/lib/ld-2.16.so
7feda2dcf000-7feda2dd0000 rwxp 00022000 08:05 781866                     /usr/lib/ld-2.16.so
7feda2dd0000-7feda2dd1000 rwxp 00000000 00:00 0 
7ffffe127000-7ffffe148000 rwxp 00000000 00:00 0                          [stack]
7ffffe1ff000-7ffffe200000 r-xp 00000000 00:00 0                          [vdso]
ffffffffff600000-ffffffffff601000 r-xp 00000000 00:00 0                  [vsyscall]

VM Arguments:
jvm_args: -Dfile.encoding=UTF-8 
java_command: com.horizon.test
Launcher Type: SUN_STANDARD

Environment Variables:
JAVA_HOME=/usr/lib/jvm/java-7-openjdk
PATH=/usr/local/bin:/usr/bin:/bin:/usr/local/sbin:/usr/sbin:/sbin:/opt/grass/bin:/opt/java6/jre/bin:/usr/bin/core_perl
LD_LIBRARY_PATH=/opt/java6/jre/lib/amd64/server:/opt/java6/jre/lib/amd64:/opt/java6/jre/../lib/amd64
SHELL=/bin/zsh
DISPLAY=:0

Signal Handlers:
SIGSEGV: [libjvm.so+0x860350], sa_mask[0]=0x7ffbfeff, sa_flags=0x10000004
SIGBUS: [libjvm.so+0x860350], sa_mask[0]=0x7ffbfeff, sa_flags=0x10000004
SIGFPE: [libjvm.so+0x70efb0], sa_mask[0]=0x7ffbfeff, sa_flags=0x10000004
SIGPIPE: [libjvm.so+0x70efb0], sa_mask[0]=0x7ffbfeff, sa_flags=0x10000004
SIGXFSZ: [libjvm.so+0x70efb0], sa_mask[0]=0x7ffbfeff, sa_flags=0x10000004
SIGILL: [libjvm.so+0x70efb0], sa_mask[0]=0x7ffbfeff, sa_flags=0x10000004
SIGUSR1: SIG_DFL, sa_mask[0]=0x00000000, sa_flags=0x00000000
SIGUSR2: [libjvm.so+0x711de0], sa_mask[0]=0x00000004, sa_flags=0x10000004
SIGHUP: [libjvm.so+0x7119e0], sa_mask[0]=0x7ffbfeff, sa_flags=0x10000004
SIGINT: [libjvm.so+0x7119e0], sa_mask[0]=0x7ffbfeff, sa_flags=0x10000004
SIGTERM: [libjvm.so+0x7119e0], sa_mask[0]=0x7ffbfeff, sa_flags=0x10000004
SIGQUIT: [libjvm.so+0x7119e0], sa_mask[0]=0x7ffbfeff, sa_flags=0x10000004


---------------  S Y S T E M  ---------------

OS:Linux
uname:Linux 3.4.7-1-ARCH #1 SMP PREEMPT Sun Jul 29 22:02:56 CEST 2012 x86_64
libc:glibc 2.16 NPTL 2.16 
rlimit: STACK 8192k, CORE 0k, NPROC 30949, NOFILE 4096, AS infinity
load average:0.36 0.31 0.32

/proc/meminfo:
MemTotal:        3967456 kB
MemFree:         1025548 kB
Buffers:          100156 kB
Cached:           833736 kB
SwapCached:            0 kB
Active:          2161080 kB
Inactive:         614236 kB
Active(anon):    1841412 kB
Inactive(anon):    91968 kB
Active(file):     319668 kB
Inactive(file):   522268 kB
Unevictable:         132 kB
Mlocked:             132 kB
SwapTotal:       1951860 kB
SwapFree:        1951860 kB
Dirty:               220 kB
Writeback:             0 kB
AnonPages:       1835656 kB
Mapped:           183732 kB
Shmem:             91960 kB
Slab:              73168 kB
SReclaimable:      54008 kB
SUnreclaim:        19160 kB
KernelStack:        2232 kB
PageTables:        18816 kB
NFS_Unstable:          0 kB
Bounce:                0 kB
WritebackTmp:          0 kB
CommitLimit:     3935588 kB
Committed_AS:    3263120 kB
VmallocTotal:   34359738367 kB
VmallocUsed:      379492 kB
VmallocChunk:   34359274635 kB
HardwareCorrupted:     0 kB
AnonHugePages:   1060864 kB
HugePages_Total:       0
HugePages_Free:        0
HugePages_Rsvd:        0
HugePages_Surp:        0
Hugepagesize:       2048 kB
DirectMap4k:       12288 kB
DirectMap2M:     4106240 kB


CPU:total 4 (2 cores per cpu, 2 threads per core) family 6 model 42 stepping 7, cmov, cx8, fxsr, mmx, sse, sse2, sse3, ssse3, sse4.1, sse4.2, popcnt, ht

/proc/cpuinfo:
processor	: 0
vendor_id	: GenuineIntel
cpu family	: 6
model		: 42
model name	: Intel(R) Core(TM) i3-2100 CPU @ 3.10GHz
stepping	: 7
microcode	: 0x14
cpu MHz		: 1600.000
cache size	: 3072 KB
physical id	: 0
siblings	: 4
core id		: 0
cpu cores	: 2
apicid		: 0
initial apicid	: 0
fpu		: yes
fpu_exception	: yes
cpuid level	: 13
wp		: yes
flags		: fpu vme de pse tsc msr pae mce cx8 apic sep mtrr pge mca cmov pat pse36 clflush dts acpi mmx fxsr sse sse2 ss ht tm pbe syscall nx rdtscp lm constant_tsc arch_perfmon pebs bts rep_good nopl xtopology nonstop_tsc aperfmperf pni pclmulqdq dtes64 monitor ds_cpl vmx est tm2 ssse3 cx16 xtpr pdcm pcid sse4_1 sse4_2 popcnt tsc_deadline_timer xsave avx lahf_lm arat epb xsaveopt pln pts dtherm tpr_shadow vnmi flexpriority ept vpid
bogomips	: 6202.64
clflush size	: 64
cache_alignment	: 64
address sizes	: 36 bits physical, 48 bits virtual
power management:

processor	: 1
vendor_id	: GenuineIntel
cpu family	: 6
model		: 42
model name	: Intel(R) Core(TM) i3-2100 CPU @ 3.10GHz
stepping	: 7
microcode	: 0x14
cpu MHz		: 1600.000
cache size	: 3072 KB
physical id	: 0
siblings	: 4
core id		: 1
cpu cores	: 2
apicid		: 2
initial apicid	: 2
fpu		: yes
fpu_exception	: yes
cpuid level	: 13
wp		: yes
flags		: fpu vme de pse tsc msr pae mce cx8 apic sep mtrr pge mca cmov pat pse36 clflush dts acpi mmx fxsr sse sse2 ss ht tm pbe syscall nx rdtscp lm constant_tsc arch_perfmon pebs bts rep_good nopl xtopology nonstop_tsc aperfmperf pni pclmulqdq dtes64 monitor ds_cpl vmx est tm2 ssse3 cx16 xtpr pdcm pcid sse4_1 sse4_2 popcnt tsc_deadline_timer xsave avx lahf_lm arat epb xsaveopt pln pts dtherm tpr_shadow vnmi flexpriority ept vpid
bogomips	: 6202.64
clflush size	: 64
cache_alignment	: 64
address sizes	: 36 bits physical, 48 bits virtual
power management:

processor	: 2
vendor_id	: GenuineIntel
cpu family	: 6
model		: 42
model name	: Intel(R) Core(TM) i3-2100 CPU @ 3.10GHz
stepping	: 7
microcode	: 0x14
cpu MHz		: 3100.000
cache size	: 3072 KB
physical id	: 0
siblings	: 4
core id		: 0
cpu cores	: 2
apicid		: 1
initial apicid	: 1
fpu		: yes
fpu_exception	: yes
cpuid level	: 13
wp		: yes
flags		: fpu vme de pse tsc msr pae mce cx8 apic sep mtrr pge mca cmov pat pse36 clflush dts acpi mmx fxsr sse sse2 ss ht tm pbe syscall nx rdtscp lm constant_tsc arch_perfmon pebs bts rep_good nopl xtopology nonstop_tsc aperfmperf pni pclmulqdq dtes64 monitor ds_cpl vmx est tm2 ssse3 cx16 xtpr pdcm pcid sse4_1 sse4_2 popcnt tsc_deadline_timer xsave avx lahf_lm arat epb xsaveopt pln pts dtherm tpr_shadow vnmi flexpriority ept vpid
bogomips	: 6202.64
clflush size	: 64
cache_alignment	: 64
address sizes	: 36 bits physical, 48 bits virtual
power management:

processor	: 3
vendor_id	: GenuineIntel
cpu family	: 6
model		: 42
model name	: Intel(R) Core(TM) i3-2100 CPU @ 3.10GHz
stepping	: 7
microcode	: 0x14
cpu MHz		: 1600.000
cache size	: 3072 KB
physical id	: 0
siblings	: 4
core id		: 1
cpu cores	: 2
apicid		: 3
initial apicid	: 3
fpu		: yes
fpu_exception	: yes
cpuid level	: 13
wp		: yes
flags		: fpu vme de pse tsc msr pae mce cx8 apic sep mtrr pge mca cmov pat pse36 clflush dts acpi mmx fxsr sse sse2 ss ht tm pbe syscall nx rdtscp lm constant_tsc arch_perfmon pebs bts rep_good nopl xtopology nonstop_tsc aperfmperf pni pclmulqdq dtes64 monitor ds_cpl vmx est tm2 ssse3 cx16 xtpr pdcm pcid sse4_1 sse4_2 popcnt tsc_deadline_timer xsave avx lahf_lm arat epb xsaveopt pln pts dtherm tpr_shadow vnmi flexpriority ept vpid
bogomips	: 6202.64
clflush size	: 64
cache_alignment	: 64
address sizes	: 36 bits physical, 48 bits virtual
power management:



Memory: 4k page, physical 3967456k(1025548k free), swap 1951860k(1951860k free)

vm_info: Java HotSpot(TM) 64-Bit Server VM (20.8-b03) for linux-amd64 JRE (1.6.0_33-b03), built on May  9 2012 09:57:57 by "java_re" with gcc 3.2.2 (SuSE Linux)

time: Thu Aug  9 16:12:53 2012
elapsed time: 29 seconds

