#
# A fatal error has been detected by the Java Runtime Environment:
#
#  SIGBUS (0x7) at pc=0x00007ff39943b2d1, pid=1409, tid=140684062463744
#
# JRE version: 6.0_33-b03
# Java VM: Java HotSpot(TM) 64-Bit Server VM (20.8-b03 mixed mode linux-amd64 compressed oops)
# Problematic frame:
# 
[error occurred during error reporting (printing problematic frame), id 0x7]

# If you would like to submit a bug report, please visit:
#   http://java.sun.com/webapps/bugreport/crash.jsp
#

---------------  T H R E A D  ---------------

Current thread is native thread

siginfo:si_signo=SIGBUS: si_errno=0, si_code=2 (BUS_ADRERR), si_addr=0x00007ff39965cd78

Registers:
RAX=0x0000000000000000, RBX=0x0000000000000368, RCX=0x0000000000000003, RDX=0x0000000000000000
RSP=0x00007ff38f918e50, RBP=0x00007ff3cc264520, RSI=0xc000000000000778, RDI=0x00007ff3cc264520
R8 =0x0000000000000000, R9 =0x0000000000000004, R10=0x0000000000000c00, R11=0x0000000000000246
R12=0x00007ff3d005b010, R13=0x00007ff38f918e90, R14=0x00007ff38f918e88, R15=0x00007ff38f918e98
RIP=0x00007ff39943b2d1, EFLAGS=0x0000000000010206, CSGSFS=0x0000000000000033, ERR=0x0000000000000004
  TRAPNO=0x000000000000000e

Top of Stack: (sp=0x00007ff38f918e50)
0x00007ff38f918e50:   00007ff38f918e88 0000000000000368
0x00007ff38f918e60:   00007ff3cc207b80 00007ff39943d54c
0x00007ff38f918e70:   ffffffffffffffff 00007ff300000003
0x00007ff38f918e80:   0000000000000000 0000000000000400
0x00007ff38f918e90:   0000000000000400 00007ff3cc209040
0x00007ff38f918ea0:   00000000007ffef0 00007ff3cc25f530
0x00007ff38f918eb0:   0000000000000000 0000000000000000
0x00007ff38f918ec0:   00007ff3cc2076c0 0000000000000010
0x00007ff38f918ed0:   00007ff38f919700 00007ff399433d6a
0x00007ff38f918ee0:   0000000000000000 00007ff3d2a2ce0f
0x00007ff38f918ef0:   0000000000000000 00007ff38f919700
0x00007ff38f918f00:   00007ff38f919700 420444cda1744a13
0x00007ff38f918f10:   0000000000000000 00007ff3cc2076c0
0x00007ff38f918f20:   0000000000000010 00007ff38f919700
0x00007ff38f918f30:   bde35beebc944a13 bde3e1883ada4a13
0x00007ff38f918f40:   0000000000000000 0000000000000000
0x00007ff38f918f50:   0000000000000000 0000000000000000
0x00007ff38f918f60:   0000000000000000 0000000000000000
0x00007ff38f918f70:   0000000000000000 0000000000000000
0x00007ff38f918f80:   0000000000000000 0000000000000000
0x00007ff38f918f90:   0000000000000000 0000000000000000
0x00007ff38f918fa0:   0000000000000000 0000000000000000
0x00007ff38f918fb0:   0000000000000000 0000000000000000
0x00007ff38f918fc0:   0000000000000000 0000000000000000
0x00007ff38f918fd0:   0000000000000000 0000000000000000
0x00007ff38f918fe0:   0000000000000000 0000000000000000
0x00007ff38f918ff0:   00007ff38f919700 00007ff3d256104d
0x00007ff38f919000:   0000000000000000 0000000000000000
0x00007ff38f919010:   0000000000000000 0000000000000000
0x00007ff38f919020:   0000000000000000 0000000000000000
0x00007ff38f919030:   0000000000000000 0000000000000000
0x00007ff38f919040:   0000000000000000 0000000000000000 

Instructions: (pc=0x00007ff39943b2d1)
0x00007ff39943b2b1:   66 66 66 66 66 66 2e 0f 1f 84 00 00 00 00 00 48
0x00007ff39943b2c1:   89 5c 24 f0 48 89 6c 24 f8 48 83 ec 18 48 89 fd
0x00007ff39943b2d1:   ff 15 a1 1a 22 00 89 c3 b8 ed ff ff ff 83 fb 08
0x00007ff39943b2e1:   74 0c 83 fb 04 74 30 83 fb 07 74 13 89 d8 48 8b 

Register to memory mapping:

RAX=0x0000000000000000 is an unknown value
RBX=0x0000000000000368 is an unknown value
RCX=0x0000000000000003 is an unknown value
RDX=0x0000000000000000 is an unknown value
RSP=0x00007ff38f918e50 is an unknown value
RBP=0x00007ff3cc264520 is an unknown value
RSI=0xc000000000000778 is an unknown value
RDI=0x00007ff3cc264520 is an unknown value
R8 =0x0000000000000000 is an unknown value
R9 =0x0000000000000004 is an unknown value
R10=0x0000000000000c00 is an unknown value
R11=0x0000000000000246 is an unknown value
R12=0x00007ff3d005b010 is an unknown value
R13=0x00007ff38f918e90 is an unknown value
R14=0x00007ff38f918e88 is an unknown value
R15=0x00007ff38f918e98 is an unknown value


Stack: [0x00007ff38f119000,0x00007ff38f91a000],  sp=0x00007ff38f918e50,  free space=8191k
Native frames: (J=compiled Java code, j=interpreted, Vv=VM code, C=native code)
